[0.011s] Invoking command in '/home/parallels/omni_clean_ws/build/omni_clean_bringup': CMAKE_PREFIX_PATH=${CMAKE_PREFIX_PATH}:/opt/ros/jazzy DEBUGINFOD_URLS=https://debuginfod.ubuntu.com /usr/bin/cmake /home/parallels/omni_clean_ws/src/omni_clean_bringup -DAMENT_CMAKE_SYMLINK_INSTALL=1 -DCMAKE_INSTALL_PREFIX=/home/parallels/omni_clean_ws/install/omni_clean_bringup
[0.130s] -- Found ament_cmake: 2.5.4 (/opt/ros/jazzy/share/ament_cmake/cmake)
[0.329s] -- Override CMake install command with custom implementation using symlinks instead of copying resources
[0.358s] -- Found xacro: 2.1.1 (/opt/ros/jazzy/share/xacro/cmake)
[0.361s] -- Found robot_state_publisher: 3.3.3 (/opt/ros/jazzy/share/robot_state_publisher/cmake)
[0.432s] -- Found rosidl_generator_c: 4.6.6 (/opt/ros/jazzy/share/rosidl_generator_c/cmake)
[0.452s] -- Found rosidl_generator_cpp: 4.6.6 (/opt/ros/jazzy/share/rosidl_generator_cpp/cmake)
[0.473s] -- Using all available rosidl_typesupport_c: rosidl_typesupport_fastrtps_c;rosidl_typesupport_introspection_c
[0.493s] -- Using all available rosidl_typesupport_cpp: rosidl_typesupport_fastrtps_cpp;rosidl_typesupport_introspection_cpp
[0.598s] -- Found rmw_implementation_cmake: 7.3.2 (/opt/ros/jazzy/share/rmw_implementation_cmake/cmake)
[0.603s] -- Found rmw_fastrtps_cpp: 8.4.3 (/opt/ros/jazzy/share/rmw_fastrtps_cpp/cmake)
[0.678s] -- Found OpenSSL: /usr/lib/aarch64-linux-gnu/libcrypto.so (found version "3.0.13")  
[0.718s] -- Found FastRTPS: /opt/ros/jazzy/include (Required is at least version "2.13") 
[0.751s] -- Using RMW implementation 'rmw_fastrtps_cpp' as default
[1.113s] -- Found ros_gz_sim: 1.0.16 (/opt/ros/jazzy/share/ros_gz_sim/cmake)
[1.118s] -- Found ros_gz_bridge: 1.0.16 (/opt/ros/jazzy/share/ros_gz_bridge/cmake)
[1.147s] [31mCMake Error at /opt/ros/jazzy/opt/gz_msgs_vendor/extra_cmake/lib/cmake/gz-msgs/gz-msgs-config.cmake:3 (find_package):
[1.149s]   By not providing "Findgz-msgs10.cmake" in CMAKE_MODULE_PATH this project
[1.149s]   has asked CMake to find a package configuration file provided by
[1.149s]   "gz-msgs10", but CMake did not find one.
[1.149s] 
[1.149s]   Could not find a package configuration file provided by "gz-msgs10" with
[1.149s]   any of the following names:
[1.149s] 
[1.149s]     gz-msgs10Config.cmake
[1.149s]     gz-msgs10-config.cmake
[1.149s] 
[1.149s]   Add the installation prefix of "gz-msgs10" to CMAKE_PREFIX_PATH or set
[1.149s]   "gz-msgs10_DIR" to a directory containing one of the above files.  If
[1.150s]   "gz-msgs10" provides a separate development package or SDK, be sure it has
[1.150s]   been installed.
[1.150s] Call Stack (most recent call first):
[1.150s]   /opt/ros/jazzy/share/ros_gz_bridge/cmake/ament_cmake_export_dependencies-extras.cmake:21 (find_package)
[1.150s]   /opt/ros/jazzy/share/ros_gz_bridge/cmake/ros_gz_bridgeConfig.cmake:41 (include)
[1.150s]   CMakeLists.txt:13 (find_package)
[1.150s] 
[1.150s] [0m
[1.150s] -- Configuring incomplete, errors occurred!
[1.175s] Invoked command in '/home/parallels/omni_clean_ws/build/omni_clean_bringup' returned '1': CMAKE_PREFIX_PATH=${CMAKE_PREFIX_PATH}:/opt/ros/jazzy DEBUGINFOD_URLS=https://debuginfod.ubuntu.com /usr/bin/cmake /home/parallels/omni_clean_ws/src/omni_clean_bringup -DAMENT_CMAKE_SYMLINK_INSTALL=1 -DCMAKE_INSTALL_PREFIX=/home/parallels/omni_clean_ws/install/omni_clean_bringup
