[0.035s] Invoking command in '/home/parallels/omni_clean_ws/src/build/omni_clean_gazebo': CMAKE_PREFIX_PATH=${CMAKE_PREFIX_PATH}:/opt/ros/jazzy DEBUGINFOD_URLS=https://debuginfod.ubuntu.com /usr/bin/cmake --build /home/parallels/omni_clean_ws/src/build/omni_clean_gazebo -- -j4 -l4
[0.469s] Invoked command in '/home/parallels/omni_clean_ws/src/build/omni_clean_gazebo' returned '0': CMAKE_PREFIX_PATH=${CMAKE_PREFIX_PATH}:/opt/ros/jazzy DEBUGINFOD_URLS=https://debuginfod.ubuntu.com /usr/bin/cmake --build /home/parallels/omni_clean_ws/src/build/omni_clean_gazebo -- -j4 -l4
[0.473s] Invoking command in '/home/parallels/omni_clean_ws/src/build/omni_clean_gazebo': CMAKE_PREFIX_PATH=${CMAKE_PREFIX_PATH}:/opt/ros/jazzy DEBUGINFOD_URLS=https://debuginfod.ubuntu.com /usr/bin/cmake --install /home/parallels/omni_clean_ws/src/build/omni_clean_gazebo
[0.492s] -- Install configuration: ""
[0.492s] -- Execute custom install script
[0.494s] -- Up-to-date symlink: /home/parallels/omni_clean_ws/src/install/omni_clean_gazebo/share/omni_clean_gazebo/worlds/facade_world.sdf
[0.497s] -- Up-to-date symlink: /home/parallels/omni_clean_ws/src/install/omni_clean_gazebo/share/ament_index/resource_index/package_run_dependencies/omni_clean_gazebo
[0.498s] -- Up-to-date symlink: /home/parallels/omni_clean_ws/src/install/omni_clean_gazebo/share/ament_index/resource_index/parent_prefix_path/omni_clean_gazebo
[0.498s] -- Up-to-date symlink: /home/parallels/omni_clean_ws/src/install/omni_clean_gazebo/share/omni_clean_gazebo/environment/ament_prefix_path.sh
[0.498s] -- Up-to-date symlink: /home/parallels/omni_clean_ws/src/install/omni_clean_gazebo/share/omni_clean_gazebo/environment/ament_prefix_path.dsv
[0.498s] -- Up-to-date symlink: /home/parallels/omni_clean_ws/src/install/omni_clean_gazebo/share/omni_clean_gazebo/environment/path.sh
[0.498s] -- Up-to-date symlink: /home/parallels/omni_clean_ws/src/install/omni_clean_gazebo/share/omni_clean_gazebo/environment/path.dsv
[0.498s] -- Up-to-date symlink: /home/parallels/omni_clean_ws/src/install/omni_clean_gazebo/share/omni_clean_gazebo/local_setup.bash
[0.498s] -- Up-to-date symlink: /home/parallels/omni_clean_ws/src/install/omni_clean_gazebo/share/omni_clean_gazebo/local_setup.sh
[0.504s] -- Up-to-date symlink: /home/parallels/omni_clean_ws/src/install/omni_clean_gazebo/share/omni_clean_gazebo/local_setup.zsh
[0.504s] -- Up-to-date symlink: /home/parallels/omni_clean_ws/src/install/omni_clean_gazebo/share/omni_clean_gazebo/local_setup.dsv
[0.504s] -- Symlinking: /home/parallels/omni_clean_ws/src/install/omni_clean_gazebo/share/omni_clean_gazebo/package.dsv
[0.524s] -- Up-to-date symlink: /home/parallels/omni_clean_ws/src/install/omni_clean_gazebo/share/ament_index/resource_index/packages/omni_clean_gazebo
[0.524s] -- Up-to-date symlink: /home/parallels/omni_clean_ws/src/install/omni_clean_gazebo/share/omni_clean_gazebo/cmake/omni_clean_gazeboConfig.cmake
[0.524s] -- Up-to-date symlink: /home/parallels/omni_clean_ws/src/install/omni_clean_gazebo/share/omni_clean_gazebo/cmake/omni_clean_gazeboConfig-version.cmake
[0.524s] -- Up-to-date symlink: /home/parallels/omni_clean_ws/src/install/omni_clean_gazebo/share/omni_clean_gazebo/package.xml
[0.561s] Invoked command in '/home/parallels/omni_clean_ws/src/build/omni_clean_gazebo' returned '0': CMAKE_PREFIX_PATH=${CMAKE_PREFIX_PATH}:/opt/ros/jazzy DEBUGINFOD_URLS=https://debuginfod.ubuntu.com /usr/bin/cmake --install /home/parallels/omni_clean_ws/src/build/omni_clean_gazebo
