[0.034s] Invoking command in '/home/parallels/omni_clean_ws/build/omni_clean_bringup': CMAKE_PREFIX_PATH=${CMAKE_PREFIX_PATH}:/opt/ros/jazzy DEBUGINFOD_URLS=https://debuginfod.ubuntu.com /usr/bin/cmake /home/parallels/omni_clean_ws/src/omni_clean_bringup -DAMENT_CMAKE_SYMLINK_INSTALL=1 -DCMAKE_INSTALL_PREFIX=/home/parallels/omni_clean_ws/install/omni_clean_bringup
[0.164s] -- Found ament_cmake: 2.5.4 (/opt/ros/jazzy/share/ament_cmake/cmake)
[0.367s] -- Override CMake install command with custom implementation using symlinks instead of copying resources
[0.373s] -- Found xacro: 2.1.1 (/opt/ros/jazzy/share/xacro/cmake)
[0.374s] -- Found robot_state_publisher: 3.3.3 (/opt/ros/jazzy/share/robot_state_publisher/cmake)
[0.431s] -- Found rosidl_generator_c: 4.6.6 (/opt/ros/jazzy/share/rosidl_generator_c/cmake)
[0.441s] -- Found rosidl_generator_cpp: 4.6.6 (/opt/ros/jazzy/share/rosidl_generator_cpp/cmake)
[0.452s] -- Using all available rosidl_typesupport_c: rosidl_typesupport_fastrtps_c;rosidl_typesupport_introspection_c
[0.467s] -- Using all available rosidl_typesupport_cpp: rosidl_typesupport_fastrtps_cpp;rosidl_typesupport_introspection_cpp
[0.527s] -- Found rmw_implementation_cmake: 7.3.2 (/opt/ros/jazzy/share/rmw_implementation_cmake/cmake)
[0.528s] -- Found rmw_fastrtps_cpp: 8.4.3 (/opt/ros/jazzy/share/rmw_fastrtps_cpp/cmake)
[0.597s] -- Using RMW implementation 'rmw_fastrtps_cpp' as default
[0.827s] -- Found ros_gz_sim: 1.0.16 (/opt/ros/jazzy/share/ros_gz_sim/cmake)
[0.836s] -- Found ament_lint_auto: 0.17.3 (/opt/ros/jazzy/share/ament_lint_auto/cmake)
[0.942s] -- Added test 'flake8' to check Python code syntax and style conventions
[0.942s] -- Configured 'flake8' exclude dirs and/or files: 
[0.943s] -- Added test 'lint_cmake' to check CMake code style
[0.944s] -- Added test 'pep257' to check Python code against some of the docstring style conventions in PEP 257
[0.945s] -- Added test 'xmllint' to check XML markup files
[0.950s] -- Configuring done (0.8s)
[0.965s] -- Generating done (0.0s)
[0.970s] -- Build files have been written to: /home/parallels/omni_clean_ws/build/omni_clean_bringup
[0.977s] Invoked command in '/home/parallels/omni_clean_ws/build/omni_clean_bringup' returned '0': CMAKE_PREFIX_PATH=${CMAKE_PREFIX_PATH}:/opt/ros/jazzy DEBUGINFOD_URLS=https://debuginfod.ubuntu.com /usr/bin/cmake /home/parallels/omni_clean_ws/src/omni_clean_bringup -DAMENT_CMAKE_SYMLINK_INSTALL=1 -DCMAKE_INSTALL_PREFIX=/home/parallels/omni_clean_ws/install/omni_clean_bringup
[0.978s] Invoking command in '/home/parallels/omni_clean_ws/build/omni_clean_bringup': CMAKE_PREFIX_PATH=${CMAKE_PREFIX_PATH}:/opt/ros/jazzy DEBUGINFOD_URLS=https://debuginfod.ubuntu.com /usr/bin/cmake --build /home/parallels/omni_clean_ws/build/omni_clean_bringup -- -j4 -l4
[1.008s] Invoked command in '/home/parallels/omni_clean_ws/build/omni_clean_bringup' returned '0': CMAKE_PREFIX_PATH=${CMAKE_PREFIX_PATH}:/opt/ros/jazzy DEBUGINFOD_URLS=https://debuginfod.ubuntu.com /usr/bin/cmake --build /home/parallels/omni_clean_ws/build/omni_clean_bringup -- -j4 -l4
[1.009s] Invoking command in '/home/parallels/omni_clean_ws/build/omni_clean_bringup': CMAKE_PREFIX_PATH=${CMAKE_PREFIX_PATH}:/opt/ros/jazzy DEBUGINFOD_URLS=https://debuginfod.ubuntu.com /usr/bin/cmake --install /home/parallels/omni_clean_ws/build/omni_clean_bringup
[1.015s] -- Install configuration: ""
[1.016s] -- Execute custom install script
[1.016s] -- Symlinking: /home/parallels/omni_clean_ws/install/omni_clean_bringup/share/ament_index/resource_index/package_run_dependencies/omni_clean_bringup
[1.022s] -- Symlinking: /home/parallels/omni_clean_ws/install/omni_clean_bringup/share/ament_index/resource_index/parent_prefix_path/omni_clean_bringup
[1.028s] -- Symlinking: /home/parallels/omni_clean_ws/install/omni_clean_bringup/share/omni_clean_bringup/environment/ament_prefix_path.sh
[1.033s] -- Symlinking: /home/parallels/omni_clean_ws/install/omni_clean_bringup/share/omni_clean_bringup/environment/ament_prefix_path.dsv
[1.040s] -- Symlinking: /home/parallels/omni_clean_ws/install/omni_clean_bringup/share/omni_clean_bringup/environment/path.sh
[1.046s] -- Symlinking: /home/parallels/omni_clean_ws/install/omni_clean_bringup/share/omni_clean_bringup/environment/path.dsv
[1.053s] -- Symlinking: /home/parallels/omni_clean_ws/install/omni_clean_bringup/share/omni_clean_bringup/local_setup.bash
[1.058s] -- Symlinking: /home/parallels/omni_clean_ws/install/omni_clean_bringup/share/omni_clean_bringup/local_setup.sh
[1.063s] -- Symlinking: /home/parallels/omni_clean_ws/install/omni_clean_bringup/share/omni_clean_bringup/local_setup.zsh
[1.069s] -- Symlinking: /home/parallels/omni_clean_ws/install/omni_clean_bringup/share/omni_clean_bringup/local_setup.dsv
[1.076s] -- Symlinking: /home/parallels/omni_clean_ws/install/omni_clean_bringup/share/omni_clean_bringup/package.dsv
[1.080s] -- Symlinking: /home/parallels/omni_clean_ws/install/omni_clean_bringup/share/ament_index/resource_index/packages/omni_clean_bringup
[1.085s] -- Symlinking: /home/parallels/omni_clean_ws/install/omni_clean_bringup/share/omni_clean_bringup/cmake/omni_clean_bringupConfig.cmake
[1.090s] -- Symlinking: /home/parallels/omni_clean_ws/install/omni_clean_bringup/share/omni_clean_bringup/cmake/omni_clean_bringupConfig-version.cmake
[1.095s] -- Symlinking: /home/parallels/omni_clean_ws/install/omni_clean_bringup/share/omni_clean_bringup/package.xml
[1.101s] Invoked command in '/home/parallels/omni_clean_ws/build/omni_clean_bringup' returned '0': CMAKE_PREFIX_PATH=${CMAKE_PREFIX_PATH}:/opt/ros/jazzy DEBUGINFOD_URLS=https://debuginfod.ubuntu.com /usr/bin/cmake --install /home/parallels/omni_clean_ws/build/omni_clean_bringup
