[0.022s] Invoking command in '/home/parallels/omni_clean_ws/build/omni_clean_gazebo': CMAKE_PREFIX_PATH=${CMAKE_PREFIX_PATH}:/opt/ros/jazzy DEBUGINFOD_URLS=https://debuginfod.ubuntu.com /usr/bin/cmake /home/parallels/omni_clean_ws/src/omni_clean_gazebo -DAMENT_CMAKE_SYMLINK_INSTALL=1 -DCMAKE_INSTALL_PREFIX=/home/parallels/omni_clean_ws/install/omni_clean_gazebo
[0.355s] -- The C compiler identification is GNU 13.3.0
[0.472s] -- The CXX compiler identification is GNU 13.3.0
[0.516s] -- Detecting C compiler ABI info
[0.649s] -- Detecting C compiler ABI info - done
[0.657s] -- Check for working C compiler: /usr/bin/cc - skipped
[0.660s] -- Detecting C compile features
[0.660s] -- Detecting C compile features - done
[0.668s] -- Detecting CXX compiler ABI info
[0.760s] -- Detecting CXX compiler ABI info - done
[0.771s] -- Check for working CXX compiler: /usr/bin/c++ - skipped
[0.771s] -- Detecting CXX compile features
[0.772s] -- Detecting CXX compile features - done
[0.794s] -- Found ament_cmake: 2.5.4 (/opt/ros/jazzy/share/ament_cmake/cmake)
[1.014s] -- Found Python3: /usr/bin/python3 (found version "3.12.3") found components: Interpreter 
[1.177s] -- Override CMake install command with custom implementation using symlinks instead of copying resources
[1.228s] -- Configuring incomplete, errors occurred!
[1.228s] [31mCMake Error at CMakeLists.txt:10 (find_package):
[1.228s]   By not providing "Findros_gz_sim.cmake" in CMAKE_MODULE_PATH this project
[1.228s]   has asked CMake to find a package configuration file provided by
[1.228s]   "ros_gz_sim", but CMake did not find one.
[1.228s] 
[1.228s]   Could not find a package configuration file provided by "ros_gz_sim" with
[1.228s]   any of the following names:
[1.228s] 
[1.228s]     ros_gz_simConfig.cmake
[1.228s]     ros_gz_sim-config.cmake
[1.228s] 
[1.228s]   Add the installation prefix of "ros_gz_sim" to CMAKE_PREFIX_PATH or set
[1.228s]   "ros_gz_sim_DIR" to a directory containing one of the above files.  If
[1.228s]   "ros_gz_sim" provides a separate development package or SDK, be sure it has
[1.228s]   been installed.
[1.228s] 
[1.228s] [0m
[1.235s] Invoked command in '/home/parallels/omni_clean_ws/build/omni_clean_gazebo' returned '1': CMAKE_PREFIX_PATH=${CMAKE_PREFIX_PATH}:/opt/ros/jazzy DEBUGINFOD_URLS=https://debuginfod.ubuntu.com /usr/bin/cmake /home/parallels/omni_clean_ws/src/omni_clean_gazebo -DAMENT_CMAKE_SYMLINK_INSTALL=1 -DCMAKE_INSTALL_PREFIX=/home/parallels/omni_clean_ws/install/omni_clean_gazebo
