[0.015s] Invoking command in '/home/parallels/omni_clean_ws/src/build/omni_clean_description': CMAKE_PREFIX_PATH=${CMAKE_PREFIX_PATH}:/opt/ros/jazzy DEBUGINFOD_URLS=https://debuginfod.ubuntu.com /usr/bin/cmake /home/parallels/omni_clean_ws/src/omni_clean_description -DAMENT_CMAKE_SYMLINK_INSTALL=1 -DCMAKE_INSTALL_PREFIX=/home/parallels/omni_clean_ws/src/install/omni_clean_description
[0.617s] -- The C compiler identification is GNU 13.3.0
[0.834s] -- The CXX compiler identification is GNU 13.3.0
[0.852s] -- Detecting C compiler ABI info
[0.980s] -- Detecting C compiler ABI info - done
[0.987s] -- Check for working C compiler: /usr/bin/cc - skipped
[0.988s] -- Detecting C compile features
[0.988s] -- Detecting C compile features - done
[0.995s] -- Detecting CXX compiler ABI info
[1.089s] -- Detecting CXX compiler ABI info - done
[1.098s] -- Check for working CXX compiler: /usr/bin/c++ - skipped
[1.098s] -- Detecting CXX compile features
[1.099s] -- Detecting CXX compile features - done
[1.102s] -- Found ament_cmake: 2.5.4 (/opt/ros/jazzy/share/ament_cmake/cmake)
[1.220s] -- Found Python3: /usr/bin/python3 (found version "3.12.3") found components: Interpreter 
[1.285s] -- Override CMake install command with custom implementation using symlinks instead of copying resources
[1.335s] -- Found xacro: 2.1.1 (/opt/ros/jazzy/share/xacro/cmake)
[1.339s] -- Found robot_state_publisher: 3.3.3 (/opt/ros/jazzy/share/robot_state_publisher/cmake)
[1.401s] -- Found rosidl_generator_c: 4.6.6 (/opt/ros/jazzy/share/rosidl_generator_c/cmake)
[1.417s] -- Found rosidl_generator_cpp: 4.6.6 (/opt/ros/jazzy/share/rosidl_generator_cpp/cmake)
[1.436s] -- Using all available rosidl_typesupport_c: rosidl_typesupport_fastrtps_c;rosidl_typesupport_introspection_c
[1.455s] -- Using all available rosidl_typesupport_cpp: rosidl_typesupport_fastrtps_cpp;rosidl_typesupport_introspection_cpp
[1.548s] -- Found rmw_implementation_cmake: 7.3.2 (/opt/ros/jazzy/share/rmw_implementation_cmake/cmake)
[1.555s] -- Found rmw_fastrtps_cpp: 8.4.3 (/opt/ros/jazzy/share/rmw_fastrtps_cpp/cmake)
[1.630s] -- Found OpenSSL: /usr/lib/aarch64-linux-gnu/libcrypto.so (found version "3.0.13")  
[1.650s] -- Found FastRTPS: /opt/ros/jazzy/include (Required is at least version "2.13") 
[1.668s] -- Using RMW implementation 'rmw_fastrtps_cpp' as default
[1.931s] -- Found ament_lint_auto: 0.17.3 (/opt/ros/jazzy/share/ament_lint_auto/cmake)
[2.095s] -- Added test 'lint_cmake' to check CMake code style
[2.095s] -- Added test 'xmllint' to check XML markup files
[2.098s] -- Configuring done (2.0s)
[2.106s] -- Generating done (0.0s)
[2.112s] -- Build files have been written to: /home/parallels/omni_clean_ws/src/build/omni_clean_description
[2.121s] Invoked command in '/home/parallels/omni_clean_ws/src/build/omni_clean_description' returned '0': CMAKE_PREFIX_PATH=${CMAKE_PREFIX_PATH}:/opt/ros/jazzy DEBUGINFOD_URLS=https://debuginfod.ubuntu.com /usr/bin/cmake /home/parallels/omni_clean_ws/src/omni_clean_description -DAMENT_CMAKE_SYMLINK_INSTALL=1 -DCMAKE_INSTALL_PREFIX=/home/parallels/omni_clean_ws/src/install/omni_clean_description
[2.122s] Invoking command in '/home/parallels/omni_clean_ws/src/build/omni_clean_description': CMAKE_PREFIX_PATH=${CMAKE_PREFIX_PATH}:/opt/ros/jazzy DEBUGINFOD_URLS=https://debuginfod.ubuntu.com /usr/bin/cmake --build /home/parallels/omni_clean_ws/src/build/omni_clean_description -- -j4 -l4
[2.157s] Invoked command in '/home/parallels/omni_clean_ws/src/build/omni_clean_description' returned '0': CMAKE_PREFIX_PATH=${CMAKE_PREFIX_PATH}:/opt/ros/jazzy DEBUGINFOD_URLS=https://debuginfod.ubuntu.com /usr/bin/cmake --build /home/parallels/omni_clean_ws/src/build/omni_clean_description -- -j4 -l4
[2.166s] Invoking command in '/home/parallels/omni_clean_ws/src/build/omni_clean_description': CMAKE_PREFIX_PATH=${CMAKE_PREFIX_PATH}:/opt/ros/jazzy DEBUGINFOD_URLS=https://debuginfod.ubuntu.com /usr/bin/cmake --install /home/parallels/omni_clean_ws/src/build/omni_clean_description
[2.181s] -- Install configuration: ""
[2.182s] -- Execute custom install script
[2.186s] -- Symlinking: /home/parallels/omni_clean_ws/src/install/omni_clean_description/share/omni_clean_description/urdf/drone.urdf.xacro
[2.202s] -- Symlinking: /home/parallels/omni_clean_ws/src/install/omni_clean_description/share/ament_index/resource_index/package_run_dependencies/omni_clean_description
[2.212s] -- Symlinking: /home/parallels/omni_clean_ws/src/install/omni_clean_description/share/ament_index/resource_index/parent_prefix_path/omni_clean_description
[2.222s] -- Symlinking: /home/parallels/omni_clean_ws/src/install/omni_clean_description/share/omni_clean_description/environment/ament_prefix_path.sh
[2.231s] -- Symlinking: /home/parallels/omni_clean_ws/src/install/omni_clean_description/share/omni_clean_description/environment/ament_prefix_path.dsv
[2.238s] -- Symlinking: /home/parallels/omni_clean_ws/src/install/omni_clean_description/share/omni_clean_description/environment/path.sh
[2.244s] -- Symlinking: /home/parallels/omni_clean_ws/src/install/omni_clean_description/share/omni_clean_description/environment/path.dsv
[2.253s] -- Symlinking: /home/parallels/omni_clean_ws/src/install/omni_clean_description/share/omni_clean_description/local_setup.bash
[2.260s] -- Symlinking: /home/parallels/omni_clean_ws/src/install/omni_clean_description/share/omni_clean_description/local_setup.sh
[2.266s] -- Symlinking: /home/parallels/omni_clean_ws/src/install/omni_clean_description/share/omni_clean_description/local_setup.zsh
[2.271s] -- Symlinking: /home/parallels/omni_clean_ws/src/install/omni_clean_description/share/omni_clean_description/local_setup.dsv
[2.277s] -- Symlinking: /home/parallels/omni_clean_ws/src/install/omni_clean_description/share/omni_clean_description/package.dsv
[2.283s] -- Symlinking: /home/parallels/omni_clean_ws/src/install/omni_clean_description/share/ament_index/resource_index/packages/omni_clean_description
[2.290s] -- Symlinking: /home/parallels/omni_clean_ws/src/install/omni_clean_description/share/omni_clean_description/cmake/omni_clean_descriptionConfig.cmake
[2.296s] -- Symlinking: /home/parallels/omni_clean_ws/src/install/omni_clean_description/share/omni_clean_description/cmake/omni_clean_descriptionConfig-version.cmake
[2.302s] -- Symlinking: /home/parallels/omni_clean_ws/src/install/omni_clean_description/share/omni_clean_description/package.xml
[2.311s] Invoked command in '/home/parallels/omni_clean_ws/src/build/omni_clean_description' returned '0': CMAKE_PREFIX_PATH=${CMAKE_PREFIX_PATH}:/opt/ros/jazzy DEBUGINFOD_URLS=https://debuginfod.ubuntu.com /usr/bin/cmake --install /home/parallels/omni_clean_ws/src/build/omni_clean_description
