[0.033s] Invoking command in '/home/parallels/omni_clean_ws/src/build/omni_clean_description': CMAKE_PREFIX_PATH=${CMAKE_PREFIX_PATH}:/opt/ros/jazzy DEBUGINFOD_URLS=https://debuginfod.ubuntu.com /usr/bin/cmake --build /home/parallels/omni_clean_ws/src/build/omni_clean_description -- -j4 -l4
[0.473s] Invoked command in '/home/parallels/omni_clean_ws/src/build/omni_clean_description' returned '0': CMAKE_PREFIX_PATH=${CMAKE_PREFIX_PATH}:/opt/ros/jazzy DEBUGINFOD_URLS=https://debuginfod.ubuntu.com /usr/bin/cmake --build /home/parallels/omni_clean_ws/src/build/omni_clean_description -- -j4 -l4
[0.476s] Invoking command in '/home/parallels/omni_clean_ws/src/build/omni_clean_description': CMAKE_PREFIX_PATH=${CMAKE_PREFIX_PATH}:/opt/ros/jazzy DEBUGINFOD_URLS=https://debuginfod.ubuntu.com /usr/bin/cmake --install /home/parallels/omni_clean_ws/src/build/omni_clean_description
[0.495s] -- Install configuration: ""
[0.497s] -- Execute custom install script
[0.504s] -- Up-to-date symlink: /home/parallels/omni_clean_ws/src/install/omni_clean_description/share/omni_clean_description/urdf/drone.urdf.xacro
[0.506s] -- Up-to-date symlink: /home/parallels/omni_clean_ws/src/install/omni_clean_description/share/ament_index/resource_index/package_run_dependencies/omni_clean_description
[0.506s] -- Up-to-date symlink: /home/parallels/omni_clean_ws/src/install/omni_clean_description/share/ament_index/resource_index/parent_prefix_path/omni_clean_description
[0.507s] -- Up-to-date symlink: /home/parallels/omni_clean_ws/src/install/omni_clean_description/share/omni_clean_description/environment/ament_prefix_path.sh
[0.507s] -- Up-to-date symlink: /home/parallels/omni_clean_ws/src/install/omni_clean_description/share/omni_clean_description/environment/ament_prefix_path.dsv
[0.507s] -- Up-to-date symlink: /home/parallels/omni_clean_ws/src/install/omni_clean_description/share/omni_clean_description/environment/path.sh
[0.507s] -- Up-to-date symlink: /home/parallels/omni_clean_ws/src/install/omni_clean_description/share/omni_clean_description/environment/path.dsv
[0.507s] -- Up-to-date symlink: /home/parallels/omni_clean_ws/src/install/omni_clean_description/share/omni_clean_description/local_setup.bash
[0.507s] -- Up-to-date symlink: /home/parallels/omni_clean_ws/src/install/omni_clean_description/share/omni_clean_description/local_setup.sh
[0.507s] -- Up-to-date symlink: /home/parallels/omni_clean_ws/src/install/omni_clean_description/share/omni_clean_description/local_setup.zsh
[0.507s] -- Up-to-date symlink: /home/parallels/omni_clean_ws/src/install/omni_clean_description/share/omni_clean_description/local_setup.dsv
[0.507s] -- Symlinking: /home/parallels/omni_clean_ws/src/install/omni_clean_description/share/omni_clean_description/package.dsv
[0.521s] -- Up-to-date symlink: /home/parallels/omni_clean_ws/src/install/omni_clean_description/share/ament_index/resource_index/packages/omni_clean_description
[0.521s] -- Up-to-date symlink: /home/parallels/omni_clean_ws/src/install/omni_clean_description/share/omni_clean_description/cmake/omni_clean_descriptionConfig.cmake
[0.521s] -- Up-to-date symlink: /home/parallels/omni_clean_ws/src/install/omni_clean_description/share/omni_clean_description/cmake/omni_clean_descriptionConfig-version.cmake
[0.522s] -- Up-to-date symlink: /home/parallels/omni_clean_ws/src/install/omni_clean_description/share/omni_clean_description/package.xml
[0.524s] Invoked command in '/home/parallels/omni_clean_ws/src/build/omni_clean_description' returned '0': CMAKE_PREFIX_PATH=${CMAKE_PREFIX_PATH}:/opt/ros/jazzy DEBUGINFOD_URLS=https://debuginfod.ubuntu.com /usr/bin/cmake --install /home/parallels/omni_clean_ws/src/build/omni_clean_description
