[0.294s] DEBUG:colcon:Command line arguments: ['/usr/bin/colcon', 'build', '--symlink-install']
[0.294s] DEBUG:colcon:Parsed command line arguments: Namespace(log_base=None, log_level=None, verb_name='build', build_base='build', install_base='install', merge_install=False, symlink_install=True, test_result_base=None, continue_on_error=False, executor='parallel', parallel_workers=4, event_handlers=None, ignore_user_meta=False, metas=['./colcon.meta'], base_paths=['.'], packages_ignore=None, packages_ignore_regex=None, paths=None, packages_up_to=None, packages_up_to_regex=None, packages_above=None, packages_above_and_dependencies=None, packages_above_depth=None, packages_select_by_dep=None, packages_skip_by_dep=None, packages_skip_up_to=None, packages_select_build_failed=False, packages_skip_build_finished=False, packages_select_test_failures=False, packages_skip_test_passed=False, packages_select=None, packages_skip=None, packages_select_regex=None, packages_skip_regex=None, packages_start=None, packages_end=None, allow_overriding=[], cmake_args=None, cmake_target=None, cmake_target_skip_unavailable=False, cmake_clean_cache=False, cmake_clean_first=False, cmake_force_configure=False, ament_cmake_args=None, catkin_cmake_args=None, catkin_skip_building_tests=False, mixin_files=None, mixin=None, verb_parser=<colcon_mixin.mixin.mixin_argument.MixinArgumentDecorator object at 0xe17191d43e00>, verb_extension=<colcon_core.verb.build.BuildVerb object at 0xe17191d43a70>, main=<bound method BuildVerb.main of <colcon_core.verb.build.BuildVerb object at 0xe17191d43a70>>, mixin_verb=('build',))
[0.379s] Level 1:colcon.colcon_core.package_discovery:discover_packages(colcon_meta) check parameters
[0.379s] Level 1:colcon.colcon_core.package_discovery:discover_packages(recursive) check parameters
[0.379s] Level 1:colcon.colcon_core.package_discovery:discover_packages(ignore) check parameters
[0.379s] Level 1:colcon.colcon_core.package_discovery:discover_packages(path) check parameters
[0.379s] Level 1:colcon.colcon_core.package_discovery:discover_packages(colcon_meta) discover
[0.379s] Level 1:colcon.colcon_core.package_discovery:discover_packages(recursive) discover
[0.379s] INFO:colcon.colcon_core.package_discovery:Crawling recursively for packages in '/home/parallels/omni_clean_ws/src'
[0.380s] Level 1:colcon.colcon_core.package_identification:_identify(.) by extensions ['ignore', 'ignore_ament_install']
[0.380s] Level 1:colcon.colcon_core.package_identification:_identify(.) by extension 'ignore'
[0.380s] Level 1:colcon.colcon_core.package_identification:_identify(.) by extension 'ignore_ament_install'
[0.380s] Level 1:colcon.colcon_core.package_identification:_identify(.) by extensions ['colcon_pkg']
[0.380s] Level 1:colcon.colcon_core.package_identification:_identify(.) by extension 'colcon_pkg'
[0.380s] Level 1:colcon.colcon_core.package_identification:_identify(.) by extensions ['colcon_meta']
[0.380s] Level 1:colcon.colcon_core.package_identification:_identify(.) by extension 'colcon_meta'
[0.380s] Level 1:colcon.colcon_core.package_identification:_identify(.) by extensions ['ros']
[0.380s] Level 1:colcon.colcon_core.package_identification:_identify(.) by extension 'ros'
[0.475s] Level 1:colcon.colcon_core.package_identification:_identify(.) by extensions ['cmake', 'python']
[0.475s] Level 1:colcon.colcon_core.package_identification:_identify(.) by extension 'cmake'
[0.475s] Level 1:colcon.colcon_core.package_identification:_identify(.) by extension 'python'
[0.475s] Level 1:colcon.colcon_core.package_identification:_identify(.) by extensions ['python_setup_py']
[0.475s] Level 1:colcon.colcon_core.package_identification:_identify(.) by extension 'python_setup_py'
[0.476s] Level 1:colcon.colcon_core.package_identification:_identify(build) by extensions ['ignore', 'ignore_ament_install']
[0.476s] Level 1:colcon.colcon_core.package_identification:_identify(build) by extension 'ignore'
[0.476s] Level 1:colcon.colcon_core.package_identification:_identify(build) ignored
[0.476s] Level 1:colcon.colcon_core.package_identification:_identify(install) by extensions ['ignore', 'ignore_ament_install']
[0.476s] Level 1:colcon.colcon_core.package_identification:_identify(install) by extension 'ignore'
[0.476s] Level 1:colcon.colcon_core.package_identification:_identify(install) ignored
[0.476s] Level 1:colcon.colcon_core.package_identification:_identify(log) by extensions ['ignore', 'ignore_ament_install']
[0.476s] Level 1:colcon.colcon_core.package_identification:_identify(log) by extension 'ignore'
[0.476s] Level 1:colcon.colcon_core.package_identification:_identify(log) ignored
[0.476s] Level 1:colcon.colcon_core.package_identification:_identify(omni_clean_bringup) by extensions ['ignore', 'ignore_ament_install']
[0.476s] Level 1:colcon.colcon_core.package_identification:_identify(omni_clean_bringup) by extension 'ignore'
[0.476s] Level 1:colcon.colcon_core.package_identification:_identify(omni_clean_bringup) by extension 'ignore_ament_install'
[0.477s] Level 1:colcon.colcon_core.package_identification:_identify(omni_clean_bringup) by extensions ['colcon_pkg']
[0.477s] Level 1:colcon.colcon_core.package_identification:_identify(omni_clean_bringup) by extension 'colcon_pkg'
[0.477s] Level 1:colcon.colcon_core.package_identification:_identify(omni_clean_bringup) by extensions ['colcon_meta']
[0.477s] Level 1:colcon.colcon_core.package_identification:_identify(omni_clean_bringup) by extension 'colcon_meta'
[0.477s] Level 1:colcon.colcon_core.package_identification:_identify(omni_clean_bringup) by extensions ['ros']
[0.477s] Level 1:colcon.colcon_core.package_identification:_identify(omni_clean_bringup) by extension 'ros'
[0.484s] DEBUG:colcon.colcon_core.package_identification:Package 'omni_clean_bringup' with type 'ros.ament_cmake' and name 'omni_clean_bringup'
[0.484s] Level 1:colcon.colcon_core.package_identification:_identify(omni_clean_description) by extensions ['ignore', 'ignore_ament_install']
[0.484s] Level 1:colcon.colcon_core.package_identification:_identify(omni_clean_description) by extension 'ignore'
[0.484s] Level 1:colcon.colcon_core.package_identification:_identify(omni_clean_description) by extension 'ignore_ament_install'
[0.484s] Level 1:colcon.colcon_core.package_identification:_identify(omni_clean_description) by extensions ['colcon_pkg']
[0.484s] Level 1:colcon.colcon_core.package_identification:_identify(omni_clean_description) by extension 'colcon_pkg'
[0.484s] Level 1:colcon.colcon_core.package_identification:_identify(omni_clean_description) by extensions ['colcon_meta']
[0.484s] Level 1:colcon.colcon_core.package_identification:_identify(omni_clean_description) by extension 'colcon_meta'
[0.484s] Level 1:colcon.colcon_core.package_identification:_identify(omni_clean_description) by extensions ['ros']
[0.484s] Level 1:colcon.colcon_core.package_identification:_identify(omni_clean_description) by extension 'ros'
[0.484s] DEBUG:colcon.colcon_core.package_identification:Package 'omni_clean_description' with type 'ros.ament_cmake' and name 'omni_clean_description'
[0.484s] Level 1:colcon.colcon_core.package_identification:_identify(omni_clean_gazebo) by extensions ['ignore', 'ignore_ament_install']
[0.484s] Level 1:colcon.colcon_core.package_identification:_identify(omni_clean_gazebo) by extension 'ignore'
[0.484s] Level 1:colcon.colcon_core.package_identification:_identify(omni_clean_gazebo) by extension 'ignore_ament_install'
[0.484s] Level 1:colcon.colcon_core.package_identification:_identify(omni_clean_gazebo) by extensions ['colcon_pkg']
[0.484s] Level 1:colcon.colcon_core.package_identification:_identify(omni_clean_gazebo) by extension 'colcon_pkg'
[0.484s] Level 1:colcon.colcon_core.package_identification:_identify(omni_clean_gazebo) by extensions ['colcon_meta']
[0.484s] Level 1:colcon.colcon_core.package_identification:_identify(omni_clean_gazebo) by extension 'colcon_meta'
[0.484s] Level 1:colcon.colcon_core.package_identification:_identify(omni_clean_gazebo) by extensions ['ros']
[0.484s] Level 1:colcon.colcon_core.package_identification:_identify(omni_clean_gazebo) by extension 'ros'
[0.485s] DEBUG:colcon.colcon_core.package_identification:Package 'omni_clean_gazebo' with type 'ros.ament_cmake' and name 'omni_clean_gazebo'
[0.485s] Level 1:colcon.colcon_core.package_discovery:discover_packages(recursive) using defaults
[0.485s] Level 1:colcon.colcon_core.package_discovery:discover_packages(ignore) discover
[0.485s] Level 1:colcon.colcon_core.package_discovery:discover_packages(ignore) using defaults
[0.485s] Level 1:colcon.colcon_core.package_discovery:discover_packages(path) discover
[0.485s] Level 1:colcon.colcon_core.package_discovery:discover_packages(path) using defaults
[0.534s] Level 1:colcon.colcon_core.package_discovery:discover_packages(prefix_path) check parameters
[0.534s] Level 1:colcon.colcon_core.package_discovery:discover_packages(prefix_path) discover
[0.539s] DEBUG:colcon.colcon_installed_package_information.package_discovery:Found 3 installed packages in /home/parallels/omni_clean_ws/src/install
[0.539s] DEBUG:colcon.colcon_installed_package_information.package_discovery:Found 3 installed packages in /home/parallels/omni_clean_ws/install
[0.540s] DEBUG:colcon.colcon_installed_package_information.package_discovery:Found 315 installed packages in /opt/ros/jazzy
[0.542s] Level 1:colcon.colcon_core.package_discovery:discover_packages(prefix_path) using defaults
[0.581s] Level 5:colcon.colcon_core.verb:set package 'omni_clean_bringup' build argument 'cmake_args' from command line to 'None'
[0.581s] Level 5:colcon.colcon_core.verb:set package 'omni_clean_bringup' build argument 'cmake_target' from command line to 'None'
[0.581s] Level 5:colcon.colcon_core.verb:set package 'omni_clean_bringup' build argument 'cmake_target_skip_unavailable' from command line to 'False'
[0.581s] Level 5:colcon.colcon_core.verb:set package 'omni_clean_bringup' build argument 'cmake_clean_cache' from command line to 'False'
[0.581s] Level 5:colcon.colcon_core.verb:set package 'omni_clean_bringup' build argument 'cmake_clean_first' from command line to 'False'
[0.581s] Level 5:colcon.colcon_core.verb:set package 'omni_clean_bringup' build argument 'cmake_force_configure' from command line to 'False'
[0.581s] Level 5:colcon.colcon_core.verb:set package 'omni_clean_bringup' build argument 'ament_cmake_args' from command line to 'None'
[0.581s] Level 5:colcon.colcon_core.verb:set package 'omni_clean_bringup' build argument 'catkin_cmake_args' from command line to 'None'
[0.581s] Level 5:colcon.colcon_core.verb:set package 'omni_clean_bringup' build argument 'catkin_skip_building_tests' from command line to 'False'
[0.581s] DEBUG:colcon.colcon_core.verb:Building package 'omni_clean_bringup' with the following arguments: {'ament_cmake_args': None, 'build_base': '/home/parallels/omni_clean_ws/src/build/omni_clean_bringup', 'catkin_cmake_args': None, 'catkin_skip_building_tests': False, 'cmake_args': None, 'cmake_clean_cache': False, 'cmake_clean_first': False, 'cmake_force_configure': False, 'cmake_target': None, 'cmake_target_skip_unavailable': False, 'install_base': '/home/parallels/omni_clean_ws/src/install/omni_clean_bringup', 'merge_install': False, 'path': '/home/parallels/omni_clean_ws/src/omni_clean_bringup', 'symlink_install': True, 'test_result_base': None}
[0.581s] Level 5:colcon.colcon_core.verb:set package 'omni_clean_description' build argument 'cmake_args' from command line to 'None'
[0.581s] Level 5:colcon.colcon_core.verb:set package 'omni_clean_description' build argument 'cmake_target' from command line to 'None'
[0.581s] Level 5:colcon.colcon_core.verb:set package 'omni_clean_description' build argument 'cmake_target_skip_unavailable' from command line to 'False'
[0.581s] Level 5:colcon.colcon_core.verb:set package 'omni_clean_description' build argument 'cmake_clean_cache' from command line to 'False'
[0.581s] Level 5:colcon.colcon_core.verb:set package 'omni_clean_description' build argument 'cmake_clean_first' from command line to 'False'
[0.581s] Level 5:colcon.colcon_core.verb:set package 'omni_clean_description' build argument 'cmake_force_configure' from command line to 'False'
[0.581s] Level 5:colcon.colcon_core.verb:set package 'omni_clean_description' build argument 'ament_cmake_args' from command line to 'None'
[0.581s] Level 5:colcon.colcon_core.verb:set package 'omni_clean_description' build argument 'catkin_cmake_args' from command line to 'None'
[0.581s] Level 5:colcon.colcon_core.verb:set package 'omni_clean_description' build argument 'catkin_skip_building_tests' from command line to 'False'
[0.581s] DEBUG:colcon.colcon_core.verb:Building package 'omni_clean_description' with the following arguments: {'ament_cmake_args': None, 'build_base': '/home/parallels/omni_clean_ws/src/build/omni_clean_description', 'catkin_cmake_args': None, 'catkin_skip_building_tests': False, 'cmake_args': None, 'cmake_clean_cache': False, 'cmake_clean_first': False, 'cmake_force_configure': False, 'cmake_target': None, 'cmake_target_skip_unavailable': False, 'install_base': '/home/parallels/omni_clean_ws/src/install/omni_clean_description', 'merge_install': False, 'path': '/home/parallels/omni_clean_ws/src/omni_clean_description', 'symlink_install': True, 'test_result_base': None}
[0.581s] Level 5:colcon.colcon_core.verb:set package 'omni_clean_gazebo' build argument 'cmake_args' from command line to 'None'
[0.581s] Level 5:colcon.colcon_core.verb:set package 'omni_clean_gazebo' build argument 'cmake_target' from command line to 'None'
[0.581s] Level 5:colcon.colcon_core.verb:set package 'omni_clean_gazebo' build argument 'cmake_target_skip_unavailable' from command line to 'False'
[0.581s] Level 5:colcon.colcon_core.verb:set package 'omni_clean_gazebo' build argument 'cmake_clean_cache' from command line to 'False'
[0.581s] Level 5:colcon.colcon_core.verb:set package 'omni_clean_gazebo' build argument 'cmake_clean_first' from command line to 'False'
[0.581s] Level 5:colcon.colcon_core.verb:set package 'omni_clean_gazebo' build argument 'cmake_force_configure' from command line to 'False'
[0.581s] Level 5:colcon.colcon_core.verb:set package 'omni_clean_gazebo' build argument 'ament_cmake_args' from command line to 'None'
[0.581s] Level 5:colcon.colcon_core.verb:set package 'omni_clean_gazebo' build argument 'catkin_cmake_args' from command line to 'None'
[0.581s] Level 5:colcon.colcon_core.verb:set package 'omni_clean_gazebo' build argument 'catkin_skip_building_tests' from command line to 'False'
[0.582s] DEBUG:colcon.colcon_core.verb:Building package 'omni_clean_gazebo' with the following arguments: {'ament_cmake_args': None, 'build_base': '/home/parallels/omni_clean_ws/src/build/omni_clean_gazebo', 'catkin_cmake_args': None, 'catkin_skip_building_tests': False, 'cmake_args': None, 'cmake_clean_cache': False, 'cmake_clean_first': False, 'cmake_force_configure': False, 'cmake_target': None, 'cmake_target_skip_unavailable': False, 'install_base': '/home/parallels/omni_clean_ws/src/install/omni_clean_gazebo', 'merge_install': False, 'path': '/home/parallels/omni_clean_ws/src/omni_clean_gazebo', 'symlink_install': True, 'test_result_base': None}
[0.582s] INFO:colcon.colcon_core.executor:Executing jobs using 'parallel' executor
[0.583s] DEBUG:colcon.colcon_parallel_executor.executor.parallel:run_until_complete
[0.583s] INFO:colcon.colcon_ros.task.ament_cmake.build:Building ROS package in '/home/parallels/omni_clean_ws/src/omni_clean_bringup' with build type 'ament_cmake'
[0.584s] INFO:colcon.colcon_cmake.task.cmake.build:Building CMake package in '/home/parallels/omni_clean_ws/src/omni_clean_bringup'
[0.590s] INFO:colcon.colcon_core.plugin_system:Skipping extension 'colcon_core.shell.bat': Not used on non-Windows systems
[0.591s] INFO:colcon.colcon_core.shell:Skip shell extension 'powershell' for command environment: Not usable outside of PowerShell
[0.591s] DEBUG:colcon.colcon_core.shell:Skip shell extension 'dsv' for command environment
[0.602s] INFO:colcon.colcon_ros.task.ament_cmake.build:Building ROS package in '/home/parallels/omni_clean_ws/src/omni_clean_description' with build type 'ament_cmake'
[0.602s] INFO:colcon.colcon_cmake.task.cmake.build:Building CMake package in '/home/parallels/omni_clean_ws/src/omni_clean_description'
[0.603s] INFO:colcon.colcon_core.shell:Skip shell extension 'powershell' for command environment: Not usable outside of PowerShell
[0.603s] DEBUG:colcon.colcon_core.shell:Skip shell extension 'dsv' for command environment
[0.611s] INFO:colcon.colcon_ros.task.ament_cmake.build:Building ROS package in '/home/parallels/omni_clean_ws/src/omni_clean_gazebo' with build type 'ament_cmake'
[0.612s] INFO:colcon.colcon_cmake.task.cmake.build:Building CMake package in '/home/parallels/omni_clean_ws/src/omni_clean_gazebo'
[0.612s] INFO:colcon.colcon_core.shell:Skip shell extension 'powershell' for command environment: Not usable outside of PowerShell
[0.612s] DEBUG:colcon.colcon_core.shell:Skip shell extension 'dsv' for command environment
[0.627s] DEBUG:colcon.colcon_core.event_handler.log_command:Invoking command in '/home/parallels/omni_clean_ws/src/build/omni_clean_bringup': CMAKE_PREFIX_PATH=${CMAKE_PREFIX_PATH}:/opt/ros/jazzy DEBUGINFOD_URLS=https://debuginfod.ubuntu.com /usr/bin/cmake --build /home/parallels/omni_clean_ws/src/build/omni_clean_bringup -- -j4 -l4
[0.635s] DEBUG:colcon.colcon_core.event_handler.log_command:Invoking command in '/home/parallels/omni_clean_ws/src/build/omni_clean_description': CMAKE_PREFIX_PATH=${CMAKE_PREFIX_PATH}:/opt/ros/jazzy DEBUGINFOD_URLS=https://debuginfod.ubuntu.com /usr/bin/cmake --build /home/parallels/omni_clean_ws/src/build/omni_clean_description -- -j4 -l4
[0.647s] DEBUG:colcon.colcon_core.event_handler.log_command:Invoking command in '/home/parallels/omni_clean_ws/src/build/omni_clean_gazebo': CMAKE_PREFIX_PATH=${CMAKE_PREFIX_PATH}:/opt/ros/jazzy DEBUGINFOD_URLS=https://debuginfod.ubuntu.com /usr/bin/cmake --build /home/parallels/omni_clean_ws/src/build/omni_clean_gazebo -- -j4 -l4
[1.043s] DEBUG:colcon.colcon_core.event_handler.log_command:Invoked command in '/home/parallels/omni_clean_ws/src/build/omni_clean_bringup' returned '0': CMAKE_PREFIX_PATH=${CMAKE_PREFIX_PATH}:/opt/ros/jazzy DEBUGINFOD_URLS=https://debuginfod.ubuntu.com /usr/bin/cmake --build /home/parallels/omni_clean_ws/src/build/omni_clean_bringup -- -j4 -l4
[1.073s] DEBUG:colcon.colcon_core.event_handler.log_command:Invoking command in '/home/parallels/omni_clean_ws/src/build/omni_clean_bringup': CMAKE_PREFIX_PATH=${CMAKE_PREFIX_PATH}:/opt/ros/jazzy DEBUGINFOD_URLS=https://debuginfod.ubuntu.com /usr/bin/cmake --install /home/parallels/omni_clean_ws/src/build/omni_clean_bringup
[1.076s] DEBUG:colcon.colcon_core.event_handler.log_command:Invoked command in '/home/parallels/omni_clean_ws/src/build/omni_clean_description' returned '0': CMAKE_PREFIX_PATH=${CMAKE_PREFIX_PATH}:/opt/ros/jazzy DEBUGINFOD_URLS=https://debuginfod.ubuntu.com /usr/bin/cmake --build /home/parallels/omni_clean_ws/src/build/omni_clean_description -- -j4 -l4
[1.078s] DEBUG:colcon.colcon_core.event_handler.log_command:Invoking command in '/home/parallels/omni_clean_ws/src/build/omni_clean_description': CMAKE_PREFIX_PATH=${CMAKE_PREFIX_PATH}:/opt/ros/jazzy DEBUGINFOD_URLS=https://debuginfod.ubuntu.com /usr/bin/cmake --install /home/parallels/omni_clean_ws/src/build/omni_clean_description
[1.081s] DEBUG:colcon.colcon_core.event_handler.log_command:Invoked command in '/home/parallels/omni_clean_ws/src/build/omni_clean_gazebo' returned '0': CMAKE_PREFIX_PATH=${CMAKE_PREFIX_PATH}:/opt/ros/jazzy DEBUGINFOD_URLS=https://debuginfod.ubuntu.com /usr/bin/cmake --build /home/parallels/omni_clean_ws/src/build/omni_clean_gazebo -- -j4 -l4
[1.085s] DEBUG:colcon.colcon_core.event_handler.log_command:Invoking command in '/home/parallels/omni_clean_ws/src/build/omni_clean_gazebo': CMAKE_PREFIX_PATH=${CMAKE_PREFIX_PATH}:/opt/ros/jazzy DEBUGINFOD_URLS=https://debuginfod.ubuntu.com /usr/bin/cmake --install /home/parallels/omni_clean_ws/src/build/omni_clean_gazebo
[1.126s] Level 1:colcon.colcon_core.environment:create_environment_scripts_only(omni_clean_description)
[1.127s] DEBUG:colcon.colcon_core.event_handler.log_command:Invoked command in '/home/parallels/omni_clean_ws/src/build/omni_clean_description' returned '0': CMAKE_PREFIX_PATH=${CMAKE_PREFIX_PATH}:/opt/ros/jazzy DEBUGINFOD_URLS=https://debuginfod.ubuntu.com /usr/bin/cmake --install /home/parallels/omni_clean_ws/src/build/omni_clean_description
[1.142s] Level 1:colcon.colcon_core.environment:checking '/home/parallels/omni_clean_ws/src/install/omni_clean_description' for CMake module files
[1.148s] Level 1:colcon.colcon_core.environment:checking '/home/parallels/omni_clean_ws/src/install/omni_clean_description' for CMake config files
[1.149s] Level 1:colcon.colcon_core.shell:create_environment_hook('omni_clean_description', 'cmake_prefix_path')
[1.149s] INFO:colcon.colcon_core.shell:Creating environment hook '/home/parallels/omni_clean_ws/src/install/omni_clean_description/share/omni_clean_description/hook/cmake_prefix_path.ps1'
[1.151s] INFO:colcon.colcon_core.shell:Creating environment descriptor '/home/parallels/omni_clean_ws/src/install/omni_clean_description/share/omni_clean_description/hook/cmake_prefix_path.dsv'
[1.151s] INFO:colcon.colcon_core.shell:Creating environment hook '/home/parallels/omni_clean_ws/src/install/omni_clean_description/share/omni_clean_description/hook/cmake_prefix_path.sh'
[1.153s] Level 1:colcon.colcon_core.environment:checking '/home/parallels/omni_clean_ws/src/install/omni_clean_description/bin'
[1.153s] Level 1:colcon.colcon_core.environment:checking '/home/parallels/omni_clean_ws/src/install/omni_clean_description/lib/pkgconfig/omni_clean_description.pc'
[1.153s] Level 1:colcon.colcon_core.environment:checking '/home/parallels/omni_clean_ws/src/install/omni_clean_description/lib/python3.12/site-packages'
[1.153s] Level 1:colcon.colcon_core.environment:checking '/home/parallels/omni_clean_ws/src/install/omni_clean_description/bin'
[1.154s] INFO:colcon.colcon_core.shell:Creating package script '/home/parallels/omni_clean_ws/src/install/omni_clean_description/share/omni_clean_description/package.ps1'
[1.154s] INFO:colcon.colcon_core.shell:Creating package descriptor '/home/parallels/omni_clean_ws/src/install/omni_clean_description/share/omni_clean_description/package.dsv'
[1.155s] INFO:colcon.colcon_core.shell:Creating package script '/home/parallels/omni_clean_ws/src/install/omni_clean_description/share/omni_clean_description/package.sh'
[1.155s] INFO:colcon.colcon_core.shell:Creating package script '/home/parallels/omni_clean_ws/src/install/omni_clean_description/share/omni_clean_description/package.bash'
[1.157s] INFO:colcon.colcon_core.shell:Creating package script '/home/parallels/omni_clean_ws/src/install/omni_clean_description/share/omni_clean_description/package.zsh'
[1.157s] Level 1:colcon.colcon_core.environment:create_file_with_runtime_dependencies(/home/parallels/omni_clean_ws/src/install/omni_clean_description/share/colcon-core/packages/omni_clean_description)
[1.158s] Level 1:colcon.colcon_core.environment:create_environment_scripts_only(omni_clean_description)
[1.159s] Level 1:colcon.colcon_core.environment:checking '/home/parallels/omni_clean_ws/src/install/omni_clean_description' for CMake module files
[1.159s] Level 1:colcon.colcon_core.environment:checking '/home/parallels/omni_clean_ws/src/install/omni_clean_description' for CMake config files
[1.159s] Level 1:colcon.colcon_core.shell:create_environment_hook('omni_clean_description', 'cmake_prefix_path')
[1.159s] INFO:colcon.colcon_core.shell:Creating environment hook '/home/parallels/omni_clean_ws/src/install/omni_clean_description/share/omni_clean_description/hook/cmake_prefix_path.ps1'
[1.160s] INFO:colcon.colcon_core.shell:Creating environment descriptor '/home/parallels/omni_clean_ws/src/install/omni_clean_description/share/omni_clean_description/hook/cmake_prefix_path.dsv'
[1.160s] INFO:colcon.colcon_core.shell:Creating environment hook '/home/parallels/omni_clean_ws/src/install/omni_clean_description/share/omni_clean_description/hook/cmake_prefix_path.sh'
[1.160s] Level 1:colcon.colcon_core.environment:checking '/home/parallels/omni_clean_ws/src/install/omni_clean_description/bin'
[1.160s] Level 1:colcon.colcon_core.environment:checking '/home/parallels/omni_clean_ws/src/install/omni_clean_description/lib/pkgconfig/omni_clean_description.pc'
[1.161s] Level 1:colcon.colcon_core.environment:checking '/home/parallels/omni_clean_ws/src/install/omni_clean_description/lib/python3.12/site-packages'
[1.161s] Level 1:colcon.colcon_core.environment:checking '/home/parallels/omni_clean_ws/src/install/omni_clean_description/bin'
[1.161s] INFO:colcon.colcon_core.shell:Creating package script '/home/parallels/omni_clean_ws/src/install/omni_clean_description/share/omni_clean_description/package.ps1'
[1.161s] INFO:colcon.colcon_core.shell:Creating package descriptor '/home/parallels/omni_clean_ws/src/install/omni_clean_description/share/omni_clean_description/package.dsv'
[1.162s] INFO:colcon.colcon_core.shell:Creating package script '/home/parallels/omni_clean_ws/src/install/omni_clean_description/share/omni_clean_description/package.sh'
[1.162s] INFO:colcon.colcon_core.shell:Creating package script '/home/parallels/omni_clean_ws/src/install/omni_clean_description/share/omni_clean_description/package.bash'
[1.162s] INFO:colcon.colcon_core.shell:Creating package script '/home/parallels/omni_clean_ws/src/install/omni_clean_description/share/omni_clean_description/package.zsh'
[1.162s] Level 1:colcon.colcon_core.environment:create_file_with_runtime_dependencies(/home/parallels/omni_clean_ws/src/install/omni_clean_description/share/colcon-core/packages/omni_clean_description)
[1.164s] Level 1:colcon.colcon_core.environment:create_environment_scripts_only(omni_clean_bringup)
[1.164s] Level 1:colcon.colcon_core.environment:checking '/home/parallels/omni_clean_ws/src/install/omni_clean_bringup' for CMake module files
[1.165s] DEBUG:colcon.colcon_core.event_handler.log_command:Invoked command in '/home/parallels/omni_clean_ws/src/build/omni_clean_bringup' returned '0': CMAKE_PREFIX_PATH=${CMAKE_PREFIX_PATH}:/opt/ros/jazzy DEBUGINFOD_URLS=https://debuginfod.ubuntu.com /usr/bin/cmake --install /home/parallels/omni_clean_ws/src/build/omni_clean_bringup
[1.165s] Level 1:colcon.colcon_core.environment:checking '/home/parallels/omni_clean_ws/src/install/omni_clean_bringup' for CMake config files
[1.166s] Level 1:colcon.colcon_core.shell:create_environment_hook('omni_clean_bringup', 'cmake_prefix_path')
[1.166s] INFO:colcon.colcon_core.shell:Creating environment hook '/home/parallels/omni_clean_ws/src/install/omni_clean_bringup/share/omni_clean_bringup/hook/cmake_prefix_path.ps1'
[1.166s] INFO:colcon.colcon_core.shell:Creating environment descriptor '/home/parallels/omni_clean_ws/src/install/omni_clean_bringup/share/omni_clean_bringup/hook/cmake_prefix_path.dsv'
[1.167s] INFO:colcon.colcon_core.shell:Creating environment hook '/home/parallels/omni_clean_ws/src/install/omni_clean_bringup/share/omni_clean_bringup/hook/cmake_prefix_path.sh'
[1.167s] Level 1:colcon.colcon_core.environment:checking '/home/parallels/omni_clean_ws/src/install/omni_clean_bringup/bin'
[1.167s] Level 1:colcon.colcon_core.environment:checking '/home/parallels/omni_clean_ws/src/install/omni_clean_bringup/lib/pkgconfig/omni_clean_bringup.pc'
[1.167s] Level 1:colcon.colcon_core.environment:checking '/home/parallels/omni_clean_ws/src/install/omni_clean_bringup/lib/python3.12/site-packages'
[1.167s] Level 1:colcon.colcon_core.environment:checking '/home/parallels/omni_clean_ws/src/install/omni_clean_bringup/bin'
[1.168s] INFO:colcon.colcon_core.shell:Creating package script '/home/parallels/omni_clean_ws/src/install/omni_clean_bringup/share/omni_clean_bringup/package.ps1'
[1.168s] INFO:colcon.colcon_core.shell:Creating package descriptor '/home/parallels/omni_clean_ws/src/install/omni_clean_bringup/share/omni_clean_bringup/package.dsv'
[1.168s] INFO:colcon.colcon_core.shell:Creating package script '/home/parallels/omni_clean_ws/src/install/omni_clean_bringup/share/omni_clean_bringup/package.sh'
[1.168s] INFO:colcon.colcon_core.shell:Creating package script '/home/parallels/omni_clean_ws/src/install/omni_clean_bringup/share/omni_clean_bringup/package.bash'
[1.168s] INFO:colcon.colcon_core.shell:Creating package script '/home/parallels/omni_clean_ws/src/install/omni_clean_bringup/share/omni_clean_bringup/package.zsh'
[1.168s] Level 1:colcon.colcon_core.environment:create_file_with_runtime_dependencies(/home/parallels/omni_clean_ws/src/install/omni_clean_bringup/share/colcon-core/packages/omni_clean_bringup)
[1.169s] Level 1:colcon.colcon_core.environment:create_environment_scripts_only(omni_clean_bringup)
[1.169s] Level 1:colcon.colcon_core.environment:checking '/home/parallels/omni_clean_ws/src/install/omni_clean_bringup' for CMake module files
[1.169s] Level 1:colcon.colcon_core.environment:checking '/home/parallels/omni_clean_ws/src/install/omni_clean_bringup' for CMake config files
[1.169s] Level 1:colcon.colcon_core.shell:create_environment_hook('omni_clean_bringup', 'cmake_prefix_path')
[1.169s] INFO:colcon.colcon_core.shell:Creating environment hook '/home/parallels/omni_clean_ws/src/install/omni_clean_bringup/share/omni_clean_bringup/hook/cmake_prefix_path.ps1'
[1.169s] INFO:colcon.colcon_core.shell:Creating environment descriptor '/home/parallels/omni_clean_ws/src/install/omni_clean_bringup/share/omni_clean_bringup/hook/cmake_prefix_path.dsv'
[1.170s] INFO:colcon.colcon_core.shell:Creating environment hook '/home/parallels/omni_clean_ws/src/install/omni_clean_bringup/share/omni_clean_bringup/hook/cmake_prefix_path.sh'
[1.170s] Level 1:colcon.colcon_core.environment:checking '/home/parallels/omni_clean_ws/src/install/omni_clean_bringup/bin'
[1.170s] Level 1:colcon.colcon_core.environment:checking '/home/parallels/omni_clean_ws/src/install/omni_clean_bringup/lib/pkgconfig/omni_clean_bringup.pc'
[1.170s] Level 1:colcon.colcon_core.environment:checking '/home/parallels/omni_clean_ws/src/install/omni_clean_bringup/lib/python3.12/site-packages'
[1.170s] Level 1:colcon.colcon_core.environment:checking '/home/parallels/omni_clean_ws/src/install/omni_clean_bringup/bin'
[1.170s] INFO:colcon.colcon_core.shell:Creating package script '/home/parallels/omni_clean_ws/src/install/omni_clean_bringup/share/omni_clean_bringup/package.ps1'
[1.171s] INFO:colcon.colcon_core.shell:Creating package descriptor '/home/parallels/omni_clean_ws/src/install/omni_clean_bringup/share/omni_clean_bringup/package.dsv'
[1.171s] INFO:colcon.colcon_core.shell:Creating package script '/home/parallels/omni_clean_ws/src/install/omni_clean_bringup/share/omni_clean_bringup/package.sh'
[1.171s] INFO:colcon.colcon_core.shell:Creating package script '/home/parallels/omni_clean_ws/src/install/omni_clean_bringup/share/omni_clean_bringup/package.bash'
[1.172s] INFO:colcon.colcon_core.shell:Creating package script '/home/parallels/omni_clean_ws/src/install/omni_clean_bringup/share/omni_clean_bringup/package.zsh'
[1.172s] Level 1:colcon.colcon_core.environment:create_file_with_runtime_dependencies(/home/parallels/omni_clean_ws/src/install/omni_clean_bringup/share/colcon-core/packages/omni_clean_bringup)
[1.172s] Level 1:colcon.colcon_core.environment:create_environment_scripts_only(omni_clean_gazebo)
[1.172s] Level 1:colcon.colcon_core.environment:checking '/home/parallels/omni_clean_ws/src/install/omni_clean_gazebo' for CMake module files
[1.173s] DEBUG:colcon.colcon_core.event_handler.log_command:Invoked command in '/home/parallels/omni_clean_ws/src/build/omni_clean_gazebo' returned '0': CMAKE_PREFIX_PATH=${CMAKE_PREFIX_PATH}:/opt/ros/jazzy DEBUGINFOD_URLS=https://debuginfod.ubuntu.com /usr/bin/cmake --install /home/parallels/omni_clean_ws/src/build/omni_clean_gazebo
[1.173s] Level 1:colcon.colcon_core.environment:checking '/home/parallels/omni_clean_ws/src/install/omni_clean_gazebo' for CMake config files
[1.174s] Level 1:colcon.colcon_core.shell:create_environment_hook('omni_clean_gazebo', 'cmake_prefix_path')
[1.174s] INFO:colcon.colcon_core.shell:Creating environment hook '/home/parallels/omni_clean_ws/src/install/omni_clean_gazebo/share/omni_clean_gazebo/hook/cmake_prefix_path.ps1'
[1.174s] INFO:colcon.colcon_core.shell:Creating environment descriptor '/home/parallels/omni_clean_ws/src/install/omni_clean_gazebo/share/omni_clean_gazebo/hook/cmake_prefix_path.dsv'
[1.175s] INFO:colcon.colcon_core.shell:Creating environment hook '/home/parallels/omni_clean_ws/src/install/omni_clean_gazebo/share/omni_clean_gazebo/hook/cmake_prefix_path.sh'
[1.175s] Level 1:colcon.colcon_core.environment:checking '/home/parallels/omni_clean_ws/src/install/omni_clean_gazebo/bin'
[1.175s] Level 1:colcon.colcon_core.environment:checking '/home/parallels/omni_clean_ws/src/install/omni_clean_gazebo/lib/pkgconfig/omni_clean_gazebo.pc'
[1.175s] Level 1:colcon.colcon_core.environment:checking '/home/parallels/omni_clean_ws/src/install/omni_clean_gazebo/lib/python3.12/site-packages'
[1.175s] Level 1:colcon.colcon_core.environment:checking '/home/parallels/omni_clean_ws/src/install/omni_clean_gazebo/bin'
[1.176s] INFO:colcon.colcon_core.shell:Creating package script '/home/parallels/omni_clean_ws/src/install/omni_clean_gazebo/share/omni_clean_gazebo/package.ps1'
[1.176s] INFO:colcon.colcon_core.shell:Creating package descriptor '/home/parallels/omni_clean_ws/src/install/omni_clean_gazebo/share/omni_clean_gazebo/package.dsv'
[1.176s] INFO:colcon.colcon_core.shell:Creating package script '/home/parallels/omni_clean_ws/src/install/omni_clean_gazebo/share/omni_clean_gazebo/package.sh'
[1.177s] INFO:colcon.colcon_core.shell:Creating package script '/home/parallels/omni_clean_ws/src/install/omni_clean_gazebo/share/omni_clean_gazebo/package.bash'
[1.177s] INFO:colcon.colcon_core.shell:Creating package script '/home/parallels/omni_clean_ws/src/install/omni_clean_gazebo/share/omni_clean_gazebo/package.zsh'
[1.177s] Level 1:colcon.colcon_core.environment:create_file_with_runtime_dependencies(/home/parallels/omni_clean_ws/src/install/omni_clean_gazebo/share/colcon-core/packages/omni_clean_gazebo)
[1.178s] Level 1:colcon.colcon_core.environment:create_environment_scripts_only(omni_clean_gazebo)
[1.178s] Level 1:colcon.colcon_core.environment:checking '/home/parallels/omni_clean_ws/src/install/omni_clean_gazebo' for CMake module files
[1.178s] Level 1:colcon.colcon_core.environment:checking '/home/parallels/omni_clean_ws/src/install/omni_clean_gazebo' for CMake config files
[1.178s] Level 1:colcon.colcon_core.shell:create_environment_hook('omni_clean_gazebo', 'cmake_prefix_path')
[1.178s] INFO:colcon.colcon_core.shell:Creating environment hook '/home/parallels/omni_clean_ws/src/install/omni_clean_gazebo/share/omni_clean_gazebo/hook/cmake_prefix_path.ps1'
[1.178s] INFO:colcon.colcon_core.shell:Creating environment descriptor '/home/parallels/omni_clean_ws/src/install/omni_clean_gazebo/share/omni_clean_gazebo/hook/cmake_prefix_path.dsv'
[1.179s] INFO:colcon.colcon_core.shell:Creating environment hook '/home/parallels/omni_clean_ws/src/install/omni_clean_gazebo/share/omni_clean_gazebo/hook/cmake_prefix_path.sh'
[1.179s] Level 1:colcon.colcon_core.environment:checking '/home/parallels/omni_clean_ws/src/install/omni_clean_gazebo/bin'
[1.179s] Level 1:colcon.colcon_core.environment:checking '/home/parallels/omni_clean_ws/src/install/omni_clean_gazebo/lib/pkgconfig/omni_clean_gazebo.pc'
[1.179s] Level 1:colcon.colcon_core.environment:checking '/home/parallels/omni_clean_ws/src/install/omni_clean_gazebo/lib/python3.12/site-packages'
[1.179s] Level 1:colcon.colcon_core.environment:checking '/home/parallels/omni_clean_ws/src/install/omni_clean_gazebo/bin'
[1.179s] INFO:colcon.colcon_core.shell:Creating package script '/home/parallels/omni_clean_ws/src/install/omni_clean_gazebo/share/omni_clean_gazebo/package.ps1'
[1.180s] INFO:colcon.colcon_core.shell:Creating package descriptor '/home/parallels/omni_clean_ws/src/install/omni_clean_gazebo/share/omni_clean_gazebo/package.dsv'
[1.180s] INFO:colcon.colcon_core.shell:Creating package script '/home/parallels/omni_clean_ws/src/install/omni_clean_gazebo/share/omni_clean_gazebo/package.sh'
[1.180s] INFO:colcon.colcon_core.shell:Creating package script '/home/parallels/omni_clean_ws/src/install/omni_clean_gazebo/share/omni_clean_gazebo/package.bash'
[1.180s] INFO:colcon.colcon_core.shell:Creating package script '/home/parallels/omni_clean_ws/src/install/omni_clean_gazebo/share/omni_clean_gazebo/package.zsh'
[1.181s] Level 1:colcon.colcon_core.environment:create_file_with_runtime_dependencies(/home/parallels/omni_clean_ws/src/install/omni_clean_gazebo/share/colcon-core/packages/omni_clean_gazebo)
[1.181s] DEBUG:colcon.colcon_parallel_executor.executor.parallel:closing loop
[1.182s] DEBUG:colcon.colcon_parallel_executor.executor.parallel:loop closed
[1.182s] DEBUG:colcon.colcon_parallel_executor.executor.parallel:run_until_complete finished with '0'
[1.182s] DEBUG:colcon.colcon_core.event_reactor:joining thread
[1.201s] INFO:colcon.colcon_core.plugin_system:Skipping extension 'colcon_notification.desktop_notification.terminal_notifier': Not used on non-Darwin systems
[1.201s] INFO:colcon.colcon_core.plugin_system:Skipping extension 'colcon_notification.desktop_notification.win32': Not used on non-Windows systems
[1.201s] INFO:colcon.colcon_notification.desktop_notification:Sending desktop notification using 'notify2'
[1.338s] DEBUG:colcon.colcon_core.event_reactor:joined thread
[1.339s] INFO:colcon.colcon_core.shell:Creating prefix script '/home/parallels/omni_clean_ws/src/install/local_setup.ps1'
[1.346s] INFO:colcon.colcon_core.shell:Creating prefix util module '/home/parallels/omni_clean_ws/src/install/_local_setup_util_ps1.py'
[1.351s] INFO:colcon.colcon_core.shell:Creating prefix chain script '/home/parallels/omni_clean_ws/src/install/setup.ps1'
[1.357s] INFO:colcon.colcon_core.shell:Creating prefix script '/home/parallels/omni_clean_ws/src/install/local_setup.sh'
[1.362s] INFO:colcon.colcon_core.shell:Creating prefix util module '/home/parallels/omni_clean_ws/src/install/_local_setup_util_sh.py'
[1.365s] INFO:colcon.colcon_core.shell:Creating prefix chain script '/home/parallels/omni_clean_ws/src/install/setup.sh'
[1.367s] INFO:colcon.colcon_core.shell:Creating prefix script '/home/parallels/omni_clean_ws/src/install/local_setup.bash'
[1.368s] INFO:colcon.colcon_core.shell:Creating prefix chain script '/home/parallels/omni_clean_ws/src/install/setup.bash'
[1.371s] INFO:colcon.colcon_core.shell:Creating prefix script '/home/parallels/omni_clean_ws/src/install/local_setup.zsh'
[1.372s] INFO:colcon.colcon_core.shell:Creating prefix chain script '/home/parallels/omni_clean_ws/src/install/setup.zsh'
