[0.254s] DEBUG:colcon:Command line arguments: ['/usr/bin/colcon', 'build', '--symlink-install']
[0.254s] DEBUG:colcon:Parsed command line arguments: Namespace(log_base=None, log_level=None, verb_name='build', build_base='build', install_base='install', merge_install=False, symlink_install=True, test_result_base=None, continue_on_error=False, executor='parallel', parallel_workers=4, event_handlers=None, ignore_user_meta=False, metas=['./colcon.meta'], base_paths=['.'], packages_ignore=None, packages_ignore_regex=None, paths=None, packages_up_to=None, packages_up_to_regex=None, packages_above=None, packages_above_and_dependencies=None, packages_above_depth=None, packages_select_by_dep=None, packages_skip_by_dep=None, packages_skip_up_to=None, packages_select_build_failed=False, packages_skip_build_finished=False, packages_select_test_failures=False, packages_skip_test_passed=False, packages_select=None, packages_skip=None, packages_select_regex=None, packages_skip_regex=None, packages_start=None, packages_end=None, allow_overriding=[], cmake_args=None, cmake_target=None, cmake_target_skip_unavailable=False, cmake_clean_cache=False, cmake_clean_first=False, cmake_force_configure=False, ament_cmake_args=None, catkin_cmake_args=None, catkin_skip_building_tests=False, mixin_files=None, mixin=None, verb_parser=<colcon_mixin.mixin.mixin_argument.MixinArgumentDecorator object at 0xe0a015613dd0>, verb_extension=<colcon_core.verb.build.BuildVerb object at 0xe0a015613b30>, main=<bound method BuildVerb.main of <colcon_core.verb.build.BuildVerb object at 0xe0a015613b30>>, mixin_verb=('build',))
[0.324s] Level 1:colcon.colcon_core.package_discovery:discover_packages(colcon_meta) check parameters
[0.324s] Level 1:colcon.colcon_core.package_discovery:discover_packages(recursive) check parameters
[0.324s] Level 1:colcon.colcon_core.package_discovery:discover_packages(ignore) check parameters
[0.324s] Level 1:colcon.colcon_core.package_discovery:discover_packages(path) check parameters
[0.324s] Level 1:colcon.colcon_core.package_discovery:discover_packages(colcon_meta) discover
[0.324s] Level 1:colcon.colcon_core.package_discovery:discover_packages(recursive) discover
[0.324s] INFO:colcon.colcon_core.package_discovery:Crawling recursively for packages in '/home/parallels/omni_clean_ws/src'
[0.324s] Level 1:colcon.colcon_core.package_identification:_identify(.) by extensions ['ignore', 'ignore_ament_install']
[0.324s] Level 1:colcon.colcon_core.package_identification:_identify(.) by extension 'ignore'
[0.324s] Level 1:colcon.colcon_core.package_identification:_identify(.) by extension 'ignore_ament_install'
[0.324s] Level 1:colcon.colcon_core.package_identification:_identify(.) by extensions ['colcon_pkg']
[0.324s] Level 1:colcon.colcon_core.package_identification:_identify(.) by extension 'colcon_pkg'
[0.324s] Level 1:colcon.colcon_core.package_identification:_identify(.) by extensions ['colcon_meta']
[0.324s] Level 1:colcon.colcon_core.package_identification:_identify(.) by extension 'colcon_meta'
[0.324s] Level 1:colcon.colcon_core.package_identification:_identify(.) by extensions ['ros']
[0.324s] Level 1:colcon.colcon_core.package_identification:_identify(.) by extension 'ros'
[0.391s] Level 1:colcon.colcon_core.package_identification:_identify(.) by extensions ['cmake', 'python']
[0.391s] Level 1:colcon.colcon_core.package_identification:_identify(.) by extension 'cmake'
[0.391s] Level 1:colcon.colcon_core.package_identification:_identify(.) by extension 'python'
[0.391s] Level 1:colcon.colcon_core.package_identification:_identify(.) by extensions ['python_setup_py']
[0.391s] Level 1:colcon.colcon_core.package_identification:_identify(.) by extension 'python_setup_py'
[0.391s] Level 1:colcon.colcon_core.package_identification:_identify(build) by extensions ['ignore', 'ignore_ament_install']
[0.391s] Level 1:colcon.colcon_core.package_identification:_identify(build) by extension 'ignore'
[0.391s] Level 1:colcon.colcon_core.package_identification:_identify(build) ignored
[0.391s] Level 1:colcon.colcon_core.package_identification:_identify(install) by extensions ['ignore', 'ignore_ament_install']
[0.391s] Level 1:colcon.colcon_core.package_identification:_identify(install) by extension 'ignore'
[0.392s] Level 1:colcon.colcon_core.package_identification:_identify(install) ignored
[0.392s] Level 1:colcon.colcon_core.package_identification:_identify(log) by extensions ['ignore', 'ignore_ament_install']
[0.392s] Level 1:colcon.colcon_core.package_identification:_identify(log) by extension 'ignore'
[0.392s] Level 1:colcon.colcon_core.package_identification:_identify(log) ignored
[0.392s] Level 1:colcon.colcon_core.package_identification:_identify(omni_clean_bringup) by extensions ['ignore', 'ignore_ament_install']
[0.392s] Level 1:colcon.colcon_core.package_identification:_identify(omni_clean_bringup) by extension 'ignore'
[0.392s] Level 1:colcon.colcon_core.package_identification:_identify(omni_clean_bringup) by extension 'ignore_ament_install'
[0.392s] Level 1:colcon.colcon_core.package_identification:_identify(omni_clean_bringup) by extensions ['colcon_pkg']
[0.392s] Level 1:colcon.colcon_core.package_identification:_identify(omni_clean_bringup) by extension 'colcon_pkg'
[0.392s] Level 1:colcon.colcon_core.package_identification:_identify(omni_clean_bringup) by extensions ['colcon_meta']
[0.392s] Level 1:colcon.colcon_core.package_identification:_identify(omni_clean_bringup) by extension 'colcon_meta'
[0.392s] Level 1:colcon.colcon_core.package_identification:_identify(omni_clean_bringup) by extensions ['ros']
[0.392s] Level 1:colcon.colcon_core.package_identification:_identify(omni_clean_bringup) by extension 'ros'
[0.405s] DEBUG:colcon.colcon_core.package_identification:Package 'omni_clean_bringup' with type 'ros.ament_cmake' and name 'omni_clean_bringup'
[0.406s] Level 1:colcon.colcon_core.package_identification:_identify(omni_clean_description) by extensions ['ignore', 'ignore_ament_install']
[0.406s] Level 1:colcon.colcon_core.package_identification:_identify(omni_clean_description) by extension 'ignore'
[0.406s] Level 1:colcon.colcon_core.package_identification:_identify(omni_clean_description) by extension 'ignore_ament_install'
[0.406s] Level 1:colcon.colcon_core.package_identification:_identify(omni_clean_description) by extensions ['colcon_pkg']
[0.406s] Level 1:colcon.colcon_core.package_identification:_identify(omni_clean_description) by extension 'colcon_pkg'
[0.406s] Level 1:colcon.colcon_core.package_identification:_identify(omni_clean_description) by extensions ['colcon_meta']
[0.406s] Level 1:colcon.colcon_core.package_identification:_identify(omni_clean_description) by extension 'colcon_meta'
[0.406s] Level 1:colcon.colcon_core.package_identification:_identify(omni_clean_description) by extensions ['ros']
[0.406s] Level 1:colcon.colcon_core.package_identification:_identify(omni_clean_description) by extension 'ros'
[0.409s] DEBUG:colcon.colcon_core.package_identification:Package 'omni_clean_description' with type 'ros.ament_cmake' and name 'omni_clean_description'
[0.409s] Level 1:colcon.colcon_core.package_identification:_identify(omni_clean_gazebo) by extensions ['ignore', 'ignore_ament_install']
[0.410s] Level 1:colcon.colcon_core.package_identification:_identify(omni_clean_gazebo) by extension 'ignore'
[0.410s] Level 1:colcon.colcon_core.package_identification:_identify(omni_clean_gazebo) by extension 'ignore_ament_install'
[0.410s] Level 1:colcon.colcon_core.package_identification:_identify(omni_clean_gazebo) by extensions ['colcon_pkg']
[0.410s] Level 1:colcon.colcon_core.package_identification:_identify(omni_clean_gazebo) by extension 'colcon_pkg'
[0.410s] Level 1:colcon.colcon_core.package_identification:_identify(omni_clean_gazebo) by extensions ['colcon_meta']
[0.410s] Level 1:colcon.colcon_core.package_identification:_identify(omni_clean_gazebo) by extension 'colcon_meta'
[0.410s] Level 1:colcon.colcon_core.package_identification:_identify(omni_clean_gazebo) by extensions ['ros']
[0.410s] Level 1:colcon.colcon_core.package_identification:_identify(omni_clean_gazebo) by extension 'ros'
[0.411s] DEBUG:colcon.colcon_core.package_identification:Package 'omni_clean_gazebo' with type 'ros.ament_cmake' and name 'omni_clean_gazebo'
[0.411s] Level 1:colcon.colcon_core.package_discovery:discover_packages(recursive) using defaults
[0.411s] Level 1:colcon.colcon_core.package_discovery:discover_packages(ignore) discover
[0.411s] Level 1:colcon.colcon_core.package_discovery:discover_packages(ignore) using defaults
[0.411s] Level 1:colcon.colcon_core.package_discovery:discover_packages(path) discover
[0.411s] Level 1:colcon.colcon_core.package_discovery:discover_packages(path) using defaults
[0.451s] Level 1:colcon.colcon_core.package_discovery:discover_packages(prefix_path) check parameters
[0.451s] Level 1:colcon.colcon_core.package_discovery:discover_packages(prefix_path) discover
[0.454s] DEBUG:colcon.colcon_installed_package_information.package_discovery:Found 3 installed packages in /home/parallels/omni_clean_ws/install
[0.456s] DEBUG:colcon.colcon_installed_package_information.package_discovery:Found 315 installed packages in /opt/ros/jazzy
[0.457s] Level 1:colcon.colcon_core.package_discovery:discover_packages(prefix_path) using defaults
[0.521s] Level 5:colcon.colcon_core.verb:set package 'omni_clean_bringup' build argument 'cmake_args' from command line to 'None'
[0.521s] Level 5:colcon.colcon_core.verb:set package 'omni_clean_bringup' build argument 'cmake_target' from command line to 'None'
[0.521s] Level 5:colcon.colcon_core.verb:set package 'omni_clean_bringup' build argument 'cmake_target_skip_unavailable' from command line to 'False'
[0.521s] Level 5:colcon.colcon_core.verb:set package 'omni_clean_bringup' build argument 'cmake_clean_cache' from command line to 'False'
[0.522s] Level 5:colcon.colcon_core.verb:set package 'omni_clean_bringup' build argument 'cmake_clean_first' from command line to 'False'
[0.522s] Level 5:colcon.colcon_core.verb:set package 'omni_clean_bringup' build argument 'cmake_force_configure' from command line to 'False'
[0.522s] Level 5:colcon.colcon_core.verb:set package 'omni_clean_bringup' build argument 'ament_cmake_args' from command line to 'None'
[0.522s] Level 5:colcon.colcon_core.verb:set package 'omni_clean_bringup' build argument 'catkin_cmake_args' from command line to 'None'
[0.522s] Level 5:colcon.colcon_core.verb:set package 'omni_clean_bringup' build argument 'catkin_skip_building_tests' from command line to 'False'
[0.522s] DEBUG:colcon.colcon_core.verb:Building package 'omni_clean_bringup' with the following arguments: {'ament_cmake_args': None, 'build_base': '/home/parallels/omni_clean_ws/src/build/omni_clean_bringup', 'catkin_cmake_args': None, 'catkin_skip_building_tests': False, 'cmake_args': None, 'cmake_clean_cache': False, 'cmake_clean_first': False, 'cmake_force_configure': False, 'cmake_target': None, 'cmake_target_skip_unavailable': False, 'install_base': '/home/parallels/omni_clean_ws/src/install/omni_clean_bringup', 'merge_install': False, 'path': '/home/parallels/omni_clean_ws/src/omni_clean_bringup', 'symlink_install': True, 'test_result_base': None}
[0.522s] Level 5:colcon.colcon_core.verb:set package 'omni_clean_description' build argument 'cmake_args' from command line to 'None'
[0.522s] Level 5:colcon.colcon_core.verb:set package 'omni_clean_description' build argument 'cmake_target' from command line to 'None'
[0.522s] Level 5:colcon.colcon_core.verb:set package 'omni_clean_description' build argument 'cmake_target_skip_unavailable' from command line to 'False'
[0.522s] Level 5:colcon.colcon_core.verb:set package 'omni_clean_description' build argument 'cmake_clean_cache' from command line to 'False'
[0.522s] Level 5:colcon.colcon_core.verb:set package 'omni_clean_description' build argument 'cmake_clean_first' from command line to 'False'
[0.522s] Level 5:colcon.colcon_core.verb:set package 'omni_clean_description' build argument 'cmake_force_configure' from command line to 'False'
[0.522s] Level 5:colcon.colcon_core.verb:set package 'omni_clean_description' build argument 'ament_cmake_args' from command line to 'None'
[0.522s] Level 5:colcon.colcon_core.verb:set package 'omni_clean_description' build argument 'catkin_cmake_args' from command line to 'None'
[0.522s] Level 5:colcon.colcon_core.verb:set package 'omni_clean_description' build argument 'catkin_skip_building_tests' from command line to 'False'
[0.522s] DEBUG:colcon.colcon_core.verb:Building package 'omni_clean_description' with the following arguments: {'ament_cmake_args': None, 'build_base': '/home/parallels/omni_clean_ws/src/build/omni_clean_description', 'catkin_cmake_args': None, 'catkin_skip_building_tests': False, 'cmake_args': None, 'cmake_clean_cache': False, 'cmake_clean_first': False, 'cmake_force_configure': False, 'cmake_target': None, 'cmake_target_skip_unavailable': False, 'install_base': '/home/parallels/omni_clean_ws/src/install/omni_clean_description', 'merge_install': False, 'path': '/home/parallels/omni_clean_ws/src/omni_clean_description', 'symlink_install': True, 'test_result_base': None}
[0.522s] Level 5:colcon.colcon_core.verb:set package 'omni_clean_gazebo' build argument 'cmake_args' from command line to 'None'
[0.522s] Level 5:colcon.colcon_core.verb:set package 'omni_clean_gazebo' build argument 'cmake_target' from command line to 'None'
[0.522s] Level 5:colcon.colcon_core.verb:set package 'omni_clean_gazebo' build argument 'cmake_target_skip_unavailable' from command line to 'False'
[0.522s] Level 5:colcon.colcon_core.verb:set package 'omni_clean_gazebo' build argument 'cmake_clean_cache' from command line to 'False'
[0.522s] Level 5:colcon.colcon_core.verb:set package 'omni_clean_gazebo' build argument 'cmake_clean_first' from command line to 'False'
[0.522s] Level 5:colcon.colcon_core.verb:set package 'omni_clean_gazebo' build argument 'cmake_force_configure' from command line to 'False'
[0.522s] Level 5:colcon.colcon_core.verb:set package 'omni_clean_gazebo' build argument 'ament_cmake_args' from command line to 'None'
[0.522s] Level 5:colcon.colcon_core.verb:set package 'omni_clean_gazebo' build argument 'catkin_cmake_args' from command line to 'None'
[0.522s] Level 5:colcon.colcon_core.verb:set package 'omni_clean_gazebo' build argument 'catkin_skip_building_tests' from command line to 'False'
[0.522s] DEBUG:colcon.colcon_core.verb:Building package 'omni_clean_gazebo' with the following arguments: {'ament_cmake_args': None, 'build_base': '/home/parallels/omni_clean_ws/src/build/omni_clean_gazebo', 'catkin_cmake_args': None, 'catkin_skip_building_tests': False, 'cmake_args': None, 'cmake_clean_cache': False, 'cmake_clean_first': False, 'cmake_force_configure': False, 'cmake_target': None, 'cmake_target_skip_unavailable': False, 'install_base': '/home/parallels/omni_clean_ws/src/install/omni_clean_gazebo', 'merge_install': False, 'path': '/home/parallels/omni_clean_ws/src/omni_clean_gazebo', 'symlink_install': True, 'test_result_base': None}
[0.522s] INFO:colcon.colcon_core.executor:Executing jobs using 'parallel' executor
[0.523s] DEBUG:colcon.colcon_parallel_executor.executor.parallel:run_until_complete
[0.523s] INFO:colcon.colcon_ros.task.ament_cmake.build:Building ROS package in '/home/parallels/omni_clean_ws/src/omni_clean_bringup' with build type 'ament_cmake'
[0.523s] INFO:colcon.colcon_cmake.task.cmake.build:Building CMake package in '/home/parallels/omni_clean_ws/src/omni_clean_bringup'
[0.531s] INFO:colcon.colcon_core.plugin_system:Skipping extension 'colcon_core.shell.bat': Not used on non-Windows systems
[0.531s] INFO:colcon.colcon_core.shell:Skip shell extension 'powershell' for command environment: Not usable outside of PowerShell
[0.531s] DEBUG:colcon.colcon_core.shell:Skip shell extension 'dsv' for command environment
[0.537s] INFO:colcon.colcon_ros.task.ament_cmake.build:Building ROS package in '/home/parallels/omni_clean_ws/src/omni_clean_description' with build type 'ament_cmake'
[0.537s] INFO:colcon.colcon_cmake.task.cmake.build:Building CMake package in '/home/parallels/omni_clean_ws/src/omni_clean_description'
[0.537s] INFO:colcon.colcon_core.shell:Skip shell extension 'powershell' for command environment: Not usable outside of PowerShell
[0.537s] DEBUG:colcon.colcon_core.shell:Skip shell extension 'dsv' for command environment
[0.540s] INFO:colcon.colcon_ros.task.ament_cmake.build:Building ROS package in '/home/parallels/omni_clean_ws/src/omni_clean_gazebo' with build type 'ament_cmake'
[0.540s] INFO:colcon.colcon_cmake.task.cmake.build:Building CMake package in '/home/parallels/omni_clean_ws/src/omni_clean_gazebo'
[0.540s] INFO:colcon.colcon_core.shell:Skip shell extension 'powershell' for command environment: Not usable outside of PowerShell
[0.540s] DEBUG:colcon.colcon_core.shell:Skip shell extension 'dsv' for command environment
[0.545s] DEBUG:colcon.colcon_core.event_handler.log_command:Invoking command in '/home/parallels/omni_clean_ws/src/build/omni_clean_bringup': CMAKE_PREFIX_PATH=${CMAKE_PREFIX_PATH}:/opt/ros/jazzy DEBUGINFOD_URLS=https://debuginfod.ubuntu.com /usr/bin/cmake /home/parallels/omni_clean_ws/src/omni_clean_bringup -DAMENT_CMAKE_SYMLINK_INSTALL=1 -DCMAKE_INSTALL_PREFIX=/home/parallels/omni_clean_ws/src/install/omni_clean_bringup
[0.552s] DEBUG:colcon.colcon_core.event_handler.log_command:Invoking command in '/home/parallels/omni_clean_ws/src/build/omni_clean_description': CMAKE_PREFIX_PATH=${CMAKE_PREFIX_PATH}:/opt/ros/jazzy DEBUGINFOD_URLS=https://debuginfod.ubuntu.com /usr/bin/cmake /home/parallels/omni_clean_ws/src/omni_clean_description -DAMENT_CMAKE_SYMLINK_INSTALL=1 -DCMAKE_INSTALL_PREFIX=/home/parallels/omni_clean_ws/src/install/omni_clean_description
[0.560s] DEBUG:colcon.colcon_core.event_handler.log_command:Invoking command in '/home/parallels/omni_clean_ws/src/build/omni_clean_gazebo': CMAKE_PREFIX_PATH=${CMAKE_PREFIX_PATH}:/opt/ros/jazzy DEBUGINFOD_URLS=https://debuginfod.ubuntu.com /usr/bin/cmake /home/parallels/omni_clean_ws/src/omni_clean_gazebo -DAMENT_CMAKE_SYMLINK_INSTALL=1 -DCMAKE_INSTALL_PREFIX=/home/parallels/omni_clean_ws/src/install/omni_clean_gazebo
[2.652s] DEBUG:colcon.colcon_core.event_handler.log_command:Invoked command in '/home/parallels/omni_clean_ws/src/build/omni_clean_gazebo' returned '0': CMAKE_PREFIX_PATH=${CMAKE_PREFIX_PATH}:/opt/ros/jazzy DEBUGINFOD_URLS=https://debuginfod.ubuntu.com /usr/bin/cmake /home/parallels/omni_clean_ws/src/omni_clean_gazebo -DAMENT_CMAKE_SYMLINK_INSTALL=1 -DCMAKE_INSTALL_PREFIX=/home/parallels/omni_clean_ws/src/install/omni_clean_gazebo
[2.652s] DEBUG:colcon.colcon_core.event_handler.log_command:Invoking command in '/home/parallels/omni_clean_ws/src/build/omni_clean_gazebo': CMAKE_PREFIX_PATH=${CMAKE_PREFIX_PATH}:/opt/ros/jazzy DEBUGINFOD_URLS=https://debuginfod.ubuntu.com /usr/bin/cmake --build /home/parallels/omni_clean_ws/src/build/omni_clean_gazebo -- -j4 -l4
[2.659s] DEBUG:colcon.colcon_core.event_handler.log_command:Invoked command in '/home/parallels/omni_clean_ws/src/build/omni_clean_description' returned '0': CMAKE_PREFIX_PATH=${CMAKE_PREFIX_PATH}:/opt/ros/jazzy DEBUGINFOD_URLS=https://debuginfod.ubuntu.com /usr/bin/cmake /home/parallels/omni_clean_ws/src/omni_clean_description -DAMENT_CMAKE_SYMLINK_INSTALL=1 -DCMAKE_INSTALL_PREFIX=/home/parallels/omni_clean_ws/src/install/omni_clean_description
[2.660s] DEBUG:colcon.colcon_core.event_handler.log_command:Invoking command in '/home/parallels/omni_clean_ws/src/build/omni_clean_description': CMAKE_PREFIX_PATH=${CMAKE_PREFIX_PATH}:/opt/ros/jazzy DEBUGINFOD_URLS=https://debuginfod.ubuntu.com /usr/bin/cmake --build /home/parallels/omni_clean_ws/src/build/omni_clean_description -- -j4 -l4
[2.695s] DEBUG:colcon.colcon_core.event_handler.log_command:Invoked command in '/home/parallels/omni_clean_ws/src/build/omni_clean_description' returned '0': CMAKE_PREFIX_PATH=${CMAKE_PREFIX_PATH}:/opt/ros/jazzy DEBUGINFOD_URLS=https://debuginfod.ubuntu.com /usr/bin/cmake --build /home/parallels/omni_clean_ws/src/build/omni_clean_description -- -j4 -l4
[2.703s] DEBUG:colcon.colcon_core.event_handler.log_command:Invoking command in '/home/parallels/omni_clean_ws/src/build/omni_clean_description': CMAKE_PREFIX_PATH=${CMAKE_PREFIX_PATH}:/opt/ros/jazzy DEBUGINFOD_URLS=https://debuginfod.ubuntu.com /usr/bin/cmake --install /home/parallels/omni_clean_ws/src/build/omni_clean_description
[2.716s] DEBUG:colcon.colcon_core.event_handler.log_command:Invoked command in '/home/parallels/omni_clean_ws/src/build/omni_clean_gazebo' returned '0': CMAKE_PREFIX_PATH=${CMAKE_PREFIX_PATH}:/opt/ros/jazzy DEBUGINFOD_URLS=https://debuginfod.ubuntu.com /usr/bin/cmake --build /home/parallels/omni_clean_ws/src/build/omni_clean_gazebo -- -j4 -l4
[2.718s] DEBUG:colcon.colcon_core.event_handler.log_command:Invoking command in '/home/parallels/omni_clean_ws/src/build/omni_clean_gazebo': CMAKE_PREFIX_PATH=${CMAKE_PREFIX_PATH}:/opt/ros/jazzy DEBUGINFOD_URLS=https://debuginfod.ubuntu.com /usr/bin/cmake --install /home/parallels/omni_clean_ws/src/build/omni_clean_gazebo
[2.727s] DEBUG:colcon.colcon_core.event_handler.log_command:Invoked command in '/home/parallels/omni_clean_ws/src/build/omni_clean_bringup' returned '0': CMAKE_PREFIX_PATH=${CMAKE_PREFIX_PATH}:/opt/ros/jazzy DEBUGINFOD_URLS=https://debuginfod.ubuntu.com /usr/bin/cmake /home/parallels/omni_clean_ws/src/omni_clean_bringup -DAMENT_CMAKE_SYMLINK_INSTALL=1 -DCMAKE_INSTALL_PREFIX=/home/parallels/omni_clean_ws/src/install/omni_clean_bringup
[2.728s] DEBUG:colcon.colcon_core.event_handler.log_command:Invoking command in '/home/parallels/omni_clean_ws/src/build/omni_clean_bringup': CMAKE_PREFIX_PATH=${CMAKE_PREFIX_PATH}:/opt/ros/jazzy DEBUGINFOD_URLS=https://debuginfod.ubuntu.com /usr/bin/cmake --build /home/parallels/omni_clean_ws/src/build/omni_clean_bringup -- -j4 -l4
[2.766s] DEBUG:colcon.colcon_core.event_handler.log_command:Invoked command in '/home/parallels/omni_clean_ws/src/build/omni_clean_bringup' returned '0': CMAKE_PREFIX_PATH=${CMAKE_PREFIX_PATH}:/opt/ros/jazzy DEBUGINFOD_URLS=https://debuginfod.ubuntu.com /usr/bin/cmake --build /home/parallels/omni_clean_ws/src/build/omni_clean_bringup -- -j4 -l4
[2.768s] DEBUG:colcon.colcon_core.event_handler.log_command:Invoking command in '/home/parallels/omni_clean_ws/src/build/omni_clean_bringup': CMAKE_PREFIX_PATH=${CMAKE_PREFIX_PATH}:/opt/ros/jazzy DEBUGINFOD_URLS=https://debuginfod.ubuntu.com /usr/bin/cmake --install /home/parallels/omni_clean_ws/src/build/omni_clean_bringup
[2.847s] Level 1:colcon.colcon_core.environment:create_environment_scripts_only(omni_clean_description)
[2.849s] DEBUG:colcon.colcon_core.event_handler.log_command:Invoked command in '/home/parallels/omni_clean_ws/src/build/omni_clean_description' returned '0': CMAKE_PREFIX_PATH=${CMAKE_PREFIX_PATH}:/opt/ros/jazzy DEBUGINFOD_URLS=https://debuginfod.ubuntu.com /usr/bin/cmake --install /home/parallels/omni_clean_ws/src/build/omni_clean_description
[2.853s] Level 1:colcon.colcon_core.environment:checking '/home/parallels/omni_clean_ws/src/install/omni_clean_description' for CMake module files
[2.854s] Level 1:colcon.colcon_core.environment:checking '/home/parallels/omni_clean_ws/src/install/omni_clean_description' for CMake config files
[2.854s] Level 1:colcon.colcon_core.shell:create_environment_hook('omni_clean_description', 'cmake_prefix_path')
[2.854s] INFO:colcon.colcon_core.shell:Creating environment hook '/home/parallels/omni_clean_ws/src/install/omni_clean_description/share/omni_clean_description/hook/cmake_prefix_path.ps1'
[2.855s] INFO:colcon.colcon_core.shell:Creating environment descriptor '/home/parallels/omni_clean_ws/src/install/omni_clean_description/share/omni_clean_description/hook/cmake_prefix_path.dsv'
[2.856s] INFO:colcon.colcon_core.shell:Creating environment hook '/home/parallels/omni_clean_ws/src/install/omni_clean_description/share/omni_clean_description/hook/cmake_prefix_path.sh'
[2.857s] Level 1:colcon.colcon_core.environment:checking '/home/parallels/omni_clean_ws/src/install/omni_clean_description/bin'
[2.857s] Level 1:colcon.colcon_core.environment:checking '/home/parallels/omni_clean_ws/src/install/omni_clean_description/lib/pkgconfig/omni_clean_description.pc'
[2.857s] Level 1:colcon.colcon_core.environment:checking '/home/parallels/omni_clean_ws/src/install/omni_clean_description/lib/python3.12/site-packages'
[2.857s] Level 1:colcon.colcon_core.environment:checking '/home/parallels/omni_clean_ws/src/install/omni_clean_description/bin'
[2.858s] INFO:colcon.colcon_core.shell:Creating package script '/home/parallels/omni_clean_ws/src/install/omni_clean_description/share/omni_clean_description/package.ps1'
[2.859s] INFO:colcon.colcon_core.shell:Creating package descriptor '/home/parallels/omni_clean_ws/src/install/omni_clean_description/share/omni_clean_description/package.dsv'
[2.859s] INFO:colcon.colcon_core.shell:Creating package script '/home/parallels/omni_clean_ws/src/install/omni_clean_description/share/omni_clean_description/package.sh'
[2.860s] INFO:colcon.colcon_core.shell:Creating package script '/home/parallels/omni_clean_ws/src/install/omni_clean_description/share/omni_clean_description/package.bash'
[2.860s] INFO:colcon.colcon_core.shell:Creating package script '/home/parallels/omni_clean_ws/src/install/omni_clean_description/share/omni_clean_description/package.zsh'
[2.861s] Level 1:colcon.colcon_core.environment:create_file_with_runtime_dependencies(/home/parallels/omni_clean_ws/src/install/omni_clean_description/share/colcon-core/packages/omni_clean_description)
[2.863s] Level 1:colcon.colcon_core.environment:create_environment_scripts_only(omni_clean_description)
[2.863s] Level 1:colcon.colcon_core.environment:checking '/home/parallels/omni_clean_ws/src/install/omni_clean_description' for CMake module files
[2.863s] Level 1:colcon.colcon_core.environment:checking '/home/parallels/omni_clean_ws/src/install/omni_clean_description' for CMake config files
[2.863s] Level 1:colcon.colcon_core.shell:create_environment_hook('omni_clean_description', 'cmake_prefix_path')
[2.864s] INFO:colcon.colcon_core.shell:Creating environment hook '/home/parallels/omni_clean_ws/src/install/omni_clean_description/share/omni_clean_description/hook/cmake_prefix_path.ps1'
[2.864s] INFO:colcon.colcon_core.shell:Creating environment descriptor '/home/parallels/omni_clean_ws/src/install/omni_clean_description/share/omni_clean_description/hook/cmake_prefix_path.dsv'
[2.864s] INFO:colcon.colcon_core.shell:Creating environment hook '/home/parallels/omni_clean_ws/src/install/omni_clean_description/share/omni_clean_description/hook/cmake_prefix_path.sh'
[2.865s] Level 1:colcon.colcon_core.environment:checking '/home/parallels/omni_clean_ws/src/install/omni_clean_description/bin'
[2.865s] Level 1:colcon.colcon_core.environment:checking '/home/parallels/omni_clean_ws/src/install/omni_clean_description/lib/pkgconfig/omni_clean_description.pc'
[2.865s] Level 1:colcon.colcon_core.environment:checking '/home/parallels/omni_clean_ws/src/install/omni_clean_description/lib/python3.12/site-packages'
[2.865s] Level 1:colcon.colcon_core.environment:checking '/home/parallels/omni_clean_ws/src/install/omni_clean_description/bin'
[2.865s] INFO:colcon.colcon_core.shell:Creating package script '/home/parallels/omni_clean_ws/src/install/omni_clean_description/share/omni_clean_description/package.ps1'
[2.865s] INFO:colcon.colcon_core.shell:Creating package descriptor '/home/parallels/omni_clean_ws/src/install/omni_clean_description/share/omni_clean_description/package.dsv'
[2.866s] INFO:colcon.colcon_core.shell:Creating package script '/home/parallels/omni_clean_ws/src/install/omni_clean_description/share/omni_clean_description/package.sh'
[2.866s] INFO:colcon.colcon_core.shell:Creating package script '/home/parallels/omni_clean_ws/src/install/omni_clean_description/share/omni_clean_description/package.bash'
[2.866s] INFO:colcon.colcon_core.shell:Creating package script '/home/parallels/omni_clean_ws/src/install/omni_clean_description/share/omni_clean_description/package.zsh'
[2.866s] Level 1:colcon.colcon_core.environment:create_file_with_runtime_dependencies(/home/parallels/omni_clean_ws/src/install/omni_clean_description/share/colcon-core/packages/omni_clean_description)
[2.867s] Level 1:colcon.colcon_core.environment:create_environment_scripts_only(omni_clean_gazebo)
[2.867s] Level 1:colcon.colcon_core.environment:checking '/home/parallels/omni_clean_ws/src/install/omni_clean_gazebo' for CMake module files
[2.867s] DEBUG:colcon.colcon_core.event_handler.log_command:Invoked command in '/home/parallels/omni_clean_ws/src/build/omni_clean_gazebo' returned '0': CMAKE_PREFIX_PATH=${CMAKE_PREFIX_PATH}:/opt/ros/jazzy DEBUGINFOD_URLS=https://debuginfod.ubuntu.com /usr/bin/cmake --install /home/parallels/omni_clean_ws/src/build/omni_clean_gazebo
[2.868s] Level 1:colcon.colcon_core.environment:checking '/home/parallels/omni_clean_ws/src/install/omni_clean_gazebo' for CMake config files
[2.868s] Level 1:colcon.colcon_core.shell:create_environment_hook('omni_clean_gazebo', 'cmake_prefix_path')
[2.868s] INFO:colcon.colcon_core.shell:Creating environment hook '/home/parallels/omni_clean_ws/src/install/omni_clean_gazebo/share/omni_clean_gazebo/hook/cmake_prefix_path.ps1'
[2.868s] INFO:colcon.colcon_core.shell:Creating environment descriptor '/home/parallels/omni_clean_ws/src/install/omni_clean_gazebo/share/omni_clean_gazebo/hook/cmake_prefix_path.dsv'
[2.868s] INFO:colcon.colcon_core.shell:Creating environment hook '/home/parallels/omni_clean_ws/src/install/omni_clean_gazebo/share/omni_clean_gazebo/hook/cmake_prefix_path.sh'
[2.868s] Level 1:colcon.colcon_core.environment:checking '/home/parallels/omni_clean_ws/src/install/omni_clean_gazebo/bin'
[2.869s] Level 1:colcon.colcon_core.environment:checking '/home/parallels/omni_clean_ws/src/install/omni_clean_gazebo/lib/pkgconfig/omni_clean_gazebo.pc'
[2.869s] Level 1:colcon.colcon_core.environment:checking '/home/parallels/omni_clean_ws/src/install/omni_clean_gazebo/lib/python3.12/site-packages'
[2.869s] Level 1:colcon.colcon_core.environment:checking '/home/parallels/omni_clean_ws/src/install/omni_clean_gazebo/bin'
[2.869s] INFO:colcon.colcon_core.shell:Creating package script '/home/parallels/omni_clean_ws/src/install/omni_clean_gazebo/share/omni_clean_gazebo/package.ps1'
[2.869s] INFO:colcon.colcon_core.shell:Creating package descriptor '/home/parallels/omni_clean_ws/src/install/omni_clean_gazebo/share/omni_clean_gazebo/package.dsv'
[2.870s] INFO:colcon.colcon_core.shell:Creating package script '/home/parallels/omni_clean_ws/src/install/omni_clean_gazebo/share/omni_clean_gazebo/package.sh'
[2.870s] INFO:colcon.colcon_core.shell:Creating package script '/home/parallels/omni_clean_ws/src/install/omni_clean_gazebo/share/omni_clean_gazebo/package.bash'
[2.870s] INFO:colcon.colcon_core.shell:Creating package script '/home/parallels/omni_clean_ws/src/install/omni_clean_gazebo/share/omni_clean_gazebo/package.zsh'
[2.870s] Level 1:colcon.colcon_core.environment:create_file_with_runtime_dependencies(/home/parallels/omni_clean_ws/src/install/omni_clean_gazebo/share/colcon-core/packages/omni_clean_gazebo)
[2.871s] Level 1:colcon.colcon_core.environment:create_environment_scripts_only(omni_clean_gazebo)
[2.871s] Level 1:colcon.colcon_core.environment:checking '/home/parallels/omni_clean_ws/src/install/omni_clean_gazebo' for CMake module files
[2.871s] Level 1:colcon.colcon_core.environment:checking '/home/parallels/omni_clean_ws/src/install/omni_clean_gazebo' for CMake config files
[2.871s] Level 1:colcon.colcon_core.shell:create_environment_hook('omni_clean_gazebo', 'cmake_prefix_path')
[2.871s] INFO:colcon.colcon_core.shell:Creating environment hook '/home/parallels/omni_clean_ws/src/install/omni_clean_gazebo/share/omni_clean_gazebo/hook/cmake_prefix_path.ps1'
[2.871s] INFO:colcon.colcon_core.shell:Creating environment descriptor '/home/parallels/omni_clean_ws/src/install/omni_clean_gazebo/share/omni_clean_gazebo/hook/cmake_prefix_path.dsv'
[2.872s] INFO:colcon.colcon_core.shell:Creating environment hook '/home/parallels/omni_clean_ws/src/install/omni_clean_gazebo/share/omni_clean_gazebo/hook/cmake_prefix_path.sh'
[2.872s] Level 1:colcon.colcon_core.environment:checking '/home/parallels/omni_clean_ws/src/install/omni_clean_gazebo/bin'
[2.872s] Level 1:colcon.colcon_core.environment:checking '/home/parallels/omni_clean_ws/src/install/omni_clean_gazebo/lib/pkgconfig/omni_clean_gazebo.pc'
[2.872s] Level 1:colcon.colcon_core.environment:checking '/home/parallels/omni_clean_ws/src/install/omni_clean_gazebo/lib/python3.12/site-packages'
[2.872s] Level 1:colcon.colcon_core.environment:checking '/home/parallels/omni_clean_ws/src/install/omni_clean_gazebo/bin'
[2.872s] INFO:colcon.colcon_core.shell:Creating package script '/home/parallels/omni_clean_ws/src/install/omni_clean_gazebo/share/omni_clean_gazebo/package.ps1'
[2.873s] INFO:colcon.colcon_core.shell:Creating package descriptor '/home/parallels/omni_clean_ws/src/install/omni_clean_gazebo/share/omni_clean_gazebo/package.dsv'
[2.873s] INFO:colcon.colcon_core.shell:Creating package script '/home/parallels/omni_clean_ws/src/install/omni_clean_gazebo/share/omni_clean_gazebo/package.sh'
[2.873s] INFO:colcon.colcon_core.shell:Creating package script '/home/parallels/omni_clean_ws/src/install/omni_clean_gazebo/share/omni_clean_gazebo/package.bash'
[2.873s] INFO:colcon.colcon_core.shell:Creating package script '/home/parallels/omni_clean_ws/src/install/omni_clean_gazebo/share/omni_clean_gazebo/package.zsh'
[2.874s] Level 1:colcon.colcon_core.environment:create_file_with_runtime_dependencies(/home/parallels/omni_clean_ws/src/install/omni_clean_gazebo/share/colcon-core/packages/omni_clean_gazebo)
[2.887s] Level 1:colcon.colcon_core.environment:create_environment_scripts_only(omni_clean_bringup)
[2.887s] DEBUG:colcon.colcon_core.event_handler.log_command:Invoked command in '/home/parallels/omni_clean_ws/src/build/omni_clean_bringup' returned '0': CMAKE_PREFIX_PATH=${CMAKE_PREFIX_PATH}:/opt/ros/jazzy DEBUGINFOD_URLS=https://debuginfod.ubuntu.com /usr/bin/cmake --install /home/parallels/omni_clean_ws/src/build/omni_clean_bringup
[2.887s] Level 1:colcon.colcon_core.environment:checking '/home/parallels/omni_clean_ws/src/install/omni_clean_bringup' for CMake module files
[2.887s] Level 1:colcon.colcon_core.environment:checking '/home/parallels/omni_clean_ws/src/install/omni_clean_bringup' for CMake config files
[2.887s] Level 1:colcon.colcon_core.shell:create_environment_hook('omni_clean_bringup', 'cmake_prefix_path')
[2.888s] INFO:colcon.colcon_core.shell:Creating environment hook '/home/parallels/omni_clean_ws/src/install/omni_clean_bringup/share/omni_clean_bringup/hook/cmake_prefix_path.ps1'
[2.888s] INFO:colcon.colcon_core.shell:Creating environment descriptor '/home/parallels/omni_clean_ws/src/install/omni_clean_bringup/share/omni_clean_bringup/hook/cmake_prefix_path.dsv'
[2.888s] INFO:colcon.colcon_core.shell:Creating environment hook '/home/parallels/omni_clean_ws/src/install/omni_clean_bringup/share/omni_clean_bringup/hook/cmake_prefix_path.sh'
[2.889s] Level 1:colcon.colcon_core.environment:checking '/home/parallels/omni_clean_ws/src/install/omni_clean_bringup/bin'
[2.889s] Level 1:colcon.colcon_core.environment:checking '/home/parallels/omni_clean_ws/src/install/omni_clean_bringup/lib/pkgconfig/omni_clean_bringup.pc'
[2.889s] Level 1:colcon.colcon_core.environment:checking '/home/parallels/omni_clean_ws/src/install/omni_clean_bringup/lib/python3.12/site-packages'
[2.889s] Level 1:colcon.colcon_core.environment:checking '/home/parallels/omni_clean_ws/src/install/omni_clean_bringup/bin'
[2.889s] INFO:colcon.colcon_core.shell:Creating package script '/home/parallels/omni_clean_ws/src/install/omni_clean_bringup/share/omni_clean_bringup/package.ps1'
[2.889s] INFO:colcon.colcon_core.shell:Creating package descriptor '/home/parallels/omni_clean_ws/src/install/omni_clean_bringup/share/omni_clean_bringup/package.dsv'
[2.890s] INFO:colcon.colcon_core.shell:Creating package script '/home/parallels/omni_clean_ws/src/install/omni_clean_bringup/share/omni_clean_bringup/package.sh'
[2.890s] INFO:colcon.colcon_core.shell:Creating package script '/home/parallels/omni_clean_ws/src/install/omni_clean_bringup/share/omni_clean_bringup/package.bash'
[2.890s] INFO:colcon.colcon_core.shell:Creating package script '/home/parallels/omni_clean_ws/src/install/omni_clean_bringup/share/omni_clean_bringup/package.zsh'
[2.890s] Level 1:colcon.colcon_core.environment:create_file_with_runtime_dependencies(/home/parallels/omni_clean_ws/src/install/omni_clean_bringup/share/colcon-core/packages/omni_clean_bringup)
[2.891s] Level 1:colcon.colcon_core.environment:create_environment_scripts_only(omni_clean_bringup)
[2.891s] Level 1:colcon.colcon_core.environment:checking '/home/parallels/omni_clean_ws/src/install/omni_clean_bringup' for CMake module files
[2.891s] Level 1:colcon.colcon_core.environment:checking '/home/parallels/omni_clean_ws/src/install/omni_clean_bringup' for CMake config files
[2.891s] Level 1:colcon.colcon_core.shell:create_environment_hook('omni_clean_bringup', 'cmake_prefix_path')
[2.891s] INFO:colcon.colcon_core.shell:Creating environment hook '/home/parallels/omni_clean_ws/src/install/omni_clean_bringup/share/omni_clean_bringup/hook/cmake_prefix_path.ps1'
[2.891s] INFO:colcon.colcon_core.shell:Creating environment descriptor '/home/parallels/omni_clean_ws/src/install/omni_clean_bringup/share/omni_clean_bringup/hook/cmake_prefix_path.dsv'
[2.891s] INFO:colcon.colcon_core.shell:Creating environment hook '/home/parallels/omni_clean_ws/src/install/omni_clean_bringup/share/omni_clean_bringup/hook/cmake_prefix_path.sh'
[2.892s] Level 1:colcon.colcon_core.environment:checking '/home/parallels/omni_clean_ws/src/install/omni_clean_bringup/bin'
[2.892s] Level 1:colcon.colcon_core.environment:checking '/home/parallels/omni_clean_ws/src/install/omni_clean_bringup/lib/pkgconfig/omni_clean_bringup.pc'
[2.892s] Level 1:colcon.colcon_core.environment:checking '/home/parallels/omni_clean_ws/src/install/omni_clean_bringup/lib/python3.12/site-packages'
[2.892s] Level 1:colcon.colcon_core.environment:checking '/home/parallels/omni_clean_ws/src/install/omni_clean_bringup/bin'
[2.892s] INFO:colcon.colcon_core.shell:Creating package script '/home/parallels/omni_clean_ws/src/install/omni_clean_bringup/share/omni_clean_bringup/package.ps1'
[2.892s] INFO:colcon.colcon_core.shell:Creating package descriptor '/home/parallels/omni_clean_ws/src/install/omni_clean_bringup/share/omni_clean_bringup/package.dsv'
[2.892s] INFO:colcon.colcon_core.shell:Creating package script '/home/parallels/omni_clean_ws/src/install/omni_clean_bringup/share/omni_clean_bringup/package.sh'
[2.893s] INFO:colcon.colcon_core.shell:Creating package script '/home/parallels/omni_clean_ws/src/install/omni_clean_bringup/share/omni_clean_bringup/package.bash'
[2.893s] INFO:colcon.colcon_core.shell:Creating package script '/home/parallels/omni_clean_ws/src/install/omni_clean_bringup/share/omni_clean_bringup/package.zsh'
[2.893s] Level 1:colcon.colcon_core.environment:create_file_with_runtime_dependencies(/home/parallels/omni_clean_ws/src/install/omni_clean_bringup/share/colcon-core/packages/omni_clean_bringup)
[2.893s] DEBUG:colcon.colcon_parallel_executor.executor.parallel:closing loop
[2.893s] DEBUG:colcon.colcon_parallel_executor.executor.parallel:loop closed
[2.893s] DEBUG:colcon.colcon_parallel_executor.executor.parallel:run_until_complete finished with '0'
[2.893s] DEBUG:colcon.colcon_core.event_reactor:joining thread
[2.906s] INFO:colcon.colcon_core.plugin_system:Skipping extension 'colcon_notification.desktop_notification.terminal_notifier': Not used on non-Darwin systems
[2.906s] INFO:colcon.colcon_core.plugin_system:Skipping extension 'colcon_notification.desktop_notification.win32': Not used on non-Windows systems
[2.906s] INFO:colcon.colcon_notification.desktop_notification:Sending desktop notification using 'notify2'
[2.956s] DEBUG:colcon.colcon_core.event_reactor:joined thread
[2.957s] INFO:colcon.colcon_core.shell:Creating prefix script '/home/parallels/omni_clean_ws/src/install/local_setup.ps1'
[2.957s] INFO:colcon.colcon_core.shell:Creating prefix util module '/home/parallels/omni_clean_ws/src/install/_local_setup_util_ps1.py'
[2.959s] INFO:colcon.colcon_core.shell:Creating prefix chain script '/home/parallels/omni_clean_ws/src/install/setup.ps1'
[2.959s] INFO:colcon.colcon_core.shell:Creating prefix script '/home/parallels/omni_clean_ws/src/install/local_setup.sh'
[2.960s] INFO:colcon.colcon_core.shell:Creating prefix util module '/home/parallels/omni_clean_ws/src/install/_local_setup_util_sh.py'
[2.960s] INFO:colcon.colcon_core.shell:Creating prefix chain script '/home/parallels/omni_clean_ws/src/install/setup.sh'
[2.961s] INFO:colcon.colcon_core.shell:Creating prefix script '/home/parallels/omni_clean_ws/src/install/local_setup.bash'
[2.961s] INFO:colcon.colcon_core.shell:Creating prefix chain script '/home/parallels/omni_clean_ws/src/install/setup.bash'
[2.963s] INFO:colcon.colcon_core.shell:Creating prefix script '/home/parallels/omni_clean_ws/src/install/local_setup.zsh'
[2.964s] INFO:colcon.colcon_core.shell:Creating prefix chain script '/home/parallels/omni_clean_ws/src/install/setup.zsh'
