-- The C compiler identification is GNU 13.3.0
-- The CXX compiler identification is GNU 13.3.0
-- Detecting C compiler ABI info
-- Detecting C compiler ABI info - done
-- Check for working C compiler: /usr/bin/cc - skipped
-- Detecting C compile features
-- Detecting C compile features - done
-- Detecting CXX compiler ABI info
-- Detecting CXX compiler ABI info - done
-- Check for working CXX compiler: /usr/bin/c++ - skipped
-- Detecting CXX compile features
-- Detecting CXX compile features - done
-- Found ament_cmake: 2.5.4 (/opt/ros/jazzy/share/ament_cmake/cmake)
-- Found Python3: /usr/bin/python3 (found version "3.12.3") found components: Interpreter 
-- Override CMake install command with custom implementation using symlinks instead of copying resources
-- Found xacro: 2.1.1 (/opt/ros/jazzy/share/xacro/cmake)
-- Found robot_state_publisher: 3.3.3 (/opt/ros/jazzy/share/robot_state_publisher/cmake)
-- Found rosidl_generator_c: 4.6.6 (/opt/ros/jazzy/share/rosidl_generator_c/cmake)
-- Found rosidl_generator_cpp: 4.6.6 (/opt/ros/jazzy/share/rosidl_generator_cpp/cmake)
-- Using all available rosidl_typesupport_c: rosidl_typesupport_fastrtps_c;rosidl_typesupport_introspection_c
-- Using all available rosidl_typesupport_cpp: rosidl_typesupport_fastrtps_cpp;rosidl_typesupport_introspection_cpp
-- Found rmw_implementation_cmake: 7.3.2 (/opt/ros/jazzy/share/rmw_implementation_cmake/cmake)
-- Found rmw_fastrtps_cpp: 8.4.3 (/opt/ros/jazzy/share/rmw_fastrtps_cpp/cmake)
-- Found OpenSSL: /usr/lib/aarch64-linux-gnu/libcrypto.so (found version "3.0.13")  
-- Found FastRTPS: /opt/ros/jazzy/include (Required is at least version "2.13") 
-- Using RMW implementation 'rmw_fastrtps_cpp' as default
-- Found ros_gz_sim: 1.0.16 (/opt/ros/jazzy/share/ros_gz_sim/cmake)
-- Found ament_lint_auto: 0.17.3 (/opt/ros/jazzy/share/ament_lint_auto/cmake)
-- Added test 'flake8' to check Python code syntax and style conventions
-- Configured 'flake8' exclude dirs and/or files: 
-- Added test 'lint_cmake' to check CMake code style
-- Added test 'pep257' to check Python code against some of the docstring style conventions in PEP 257
-- Added test 'xmllint' to check XML markup files
-- Configuring done (2.1s)
-- Generating done (0.0s)
-- Build files have been written to: /home/parallels/omni_clean_ws/src/build/omni_clean_bringup
-- Install configuration: ""
-- Execute custom install script
-- Symlinking: /home/parallels/omni_clean_ws/src/install/omni_clean_bringup/share/omni_clean_bringup/launch/bringup.launch.py
-- Symlinking: /home/parallels/omni_clean_ws/src/install/omni_clean_bringup/share/ament_index/resource_index/package_run_dependencies/omni_clean_bringup
-- Symlinking: /home/parallels/omni_clean_ws/src/install/omni_clean_bringup/share/ament_index/resource_index/parent_prefix_path/omni_clean_bringup
-- Symlinking: /home/parallels/omni_clean_ws/src/install/omni_clean_bringup/share/omni_clean_bringup/environment/ament_prefix_path.sh
-- Symlinking: /home/parallels/omni_clean_ws/src/install/omni_clean_bringup/share/omni_clean_bringup/environment/ament_prefix_path.dsv
-- Symlinking: /home/parallels/omni_clean_ws/src/install/omni_clean_bringup/share/omni_clean_bringup/environment/path.sh
-- Symlinking: /home/parallels/omni_clean_ws/src/install/omni_clean_bringup/share/omni_clean_bringup/environment/path.dsv
-- Symlinking: /home/parallels/omni_clean_ws/src/install/omni_clean_bringup/share/omni_clean_bringup/local_setup.bash
-- Symlinking: /home/parallels/omni_clean_ws/src/install/omni_clean_bringup/share/omni_clean_bringup/local_setup.sh
-- Symlinking: /home/parallels/omni_clean_ws/src/install/omni_clean_bringup/share/omni_clean_bringup/local_setup.zsh
-- Symlinking: /home/parallels/omni_clean_ws/src/install/omni_clean_bringup/share/omni_clean_bringup/local_setup.dsv
-- Symlinking: /home/parallels/omni_clean_ws/src/install/omni_clean_bringup/share/omni_clean_bringup/package.dsv
-- Symlinking: /home/parallels/omni_clean_ws/src/install/omni_clean_bringup/share/ament_index/resource_index/packages/omni_clean_bringup
-- Symlinking: /home/parallels/omni_clean_ws/src/install/omni_clean_bringup/share/omni_clean_bringup/cmake/omni_clean_bringupConfig.cmake
-- Symlinking: /home/parallels/omni_clean_ws/src/install/omni_clean_bringup/share/omni_clean_bringup/cmake/omni_clean_bringupConfig-version.cmake
-- Symlinking: /home/parallels/omni_clean_ws/src/install/omni_clean_bringup/share/omni_clean_bringup/package.xml
