[0.042s] Invoking command in '/home/parallels/omni_clean_ws/src/build/omni_clean_bringup': CMAKE_PREFIX_PATH=${CMAKE_PREFIX_PATH}:/opt/ros/jazzy DEBUGINFOD_URLS=https://debuginfod.ubuntu.com /usr/bin/cmake --build /home/parallels/omni_clean_ws/src/build/omni_clean_bringup -- -j4 -l4
[0.459s] Invoked command in '/home/parallels/omni_clean_ws/src/build/omni_clean_bringup' returned '0': CMAKE_PREFIX_PATH=${CMAKE_PREFIX_PATH}:/opt/ros/jazzy DEBUGINFOD_URLS=https://debuginfod.ubuntu.com /usr/bin/cmake --build /home/parallels/omni_clean_ws/src/build/omni_clean_bringup -- -j4 -l4
[0.489s] Invoking command in '/home/parallels/omni_clean_ws/src/build/omni_clean_bringup': CMAKE_PREFIX_PATH=${CMAKE_PREFIX_PATH}:/opt/ros/jazzy DEBUGINFOD_URLS=https://debuginfod.ubuntu.com /usr/bin/cmake --install /home/parallels/omni_clean_ws/src/build/omni_clean_bringup
[0.513s] -- Install configuration: ""
[0.515s] -- Execute custom install script
[0.522s] -- Up-to-date symlink: /home/parallels/omni_clean_ws/src/install/omni_clean_bringup/share/omni_clean_bringup/launch/bringup.launch.py
[0.525s] -- Up-to-date symlink: /home/parallels/omni_clean_ws/src/install/omni_clean_bringup/share/ament_index/resource_index/package_run_dependencies/omni_clean_bringup
[0.525s] -- Up-to-date symlink: /home/parallels/omni_clean_ws/src/install/omni_clean_bringup/share/ament_index/resource_index/parent_prefix_path/omni_clean_bringup
[0.525s] -- Up-to-date symlink: /home/parallels/omni_clean_ws/src/install/omni_clean_bringup/share/omni_clean_bringup/environment/ament_prefix_path.sh
[0.525s] -- Up-to-date symlink: /home/parallels/omni_clean_ws/src/install/omni_clean_bringup/share/omni_clean_bringup/environment/ament_prefix_path.dsv
[0.525s] -- Up-to-date symlink: /home/parallels/omni_clean_ws/src/install/omni_clean_bringup/share/omni_clean_bringup/environment/path.sh
[0.530s] -- Up-to-date symlink: /home/parallels/omni_clean_ws/src/install/omni_clean_bringup/share/omni_clean_bringup/environment/path.dsv
[0.532s] -- Up-to-date symlink: /home/parallels/omni_clean_ws/src/install/omni_clean_bringup/share/omni_clean_bringup/local_setup.bash
[0.532s] -- Up-to-date symlink: /home/parallels/omni_clean_ws/src/install/omni_clean_bringup/share/omni_clean_bringup/local_setup.sh
[0.532s] -- Up-to-date symlink: /home/parallels/omni_clean_ws/src/install/omni_clean_bringup/share/omni_clean_bringup/local_setup.zsh
[0.532s] -- Up-to-date symlink: /home/parallels/omni_clean_ws/src/install/omni_clean_bringup/share/omni_clean_bringup/local_setup.dsv
[0.532s] -- Symlinking: /home/parallels/omni_clean_ws/src/install/omni_clean_bringup/share/omni_clean_bringup/package.dsv
[0.545s] -- Up-to-date symlink: /home/parallels/omni_clean_ws/src/install/omni_clean_bringup/share/ament_index/resource_index/packages/omni_clean_bringup
[0.546s] -- Up-to-date symlink: /home/parallels/omni_clean_ws/src/install/omni_clean_bringup/share/omni_clean_bringup/cmake/omni_clean_bringupConfig.cmake
[0.546s] -- Up-to-date symlink: /home/parallels/omni_clean_ws/src/install/omni_clean_bringup/share/omni_clean_bringup/cmake/omni_clean_bringupConfig-version.cmake
[0.547s] -- Up-to-date symlink: /home/parallels/omni_clean_ws/src/install/omni_clean_bringup/share/omni_clean_bringup/package.xml
[0.581s] Invoked command in '/home/parallels/omni_clean_ws/src/build/omni_clean_bringup' returned '0': CMAKE_PREFIX_PATH=${CMAKE_PREFIX_PATH}:/opt/ros/jazzy DEBUGINFOD_URLS=https://debuginfod.ubuntu.com /usr/bin/cmake --install /home/parallels/omni_clean_ws/src/build/omni_clean_bringup
