[0.010s] Invoking command in '/home/parallels/omni_clean_ws/build/omni_clean_description': CMAKE_PREFIX_PATH=${CMAKE_PREFIX_PATH}:/opt/ros/jazzy DEBUGINFOD_URLS=https://debuginfod.ubuntu.com /usr/bin/cmake /home/parallels/omni_clean_ws/src/omni_clean_description -DAMENT_CMAKE_SYMLINK_INSTALL=1 -DCMAKE_INSTALL_PREFIX=/home/parallels/omni_clean_ws/install/omni_clean_description
[0.126s] -- Found ament_cmake: 2.5.4 (/opt/ros/jazzy/share/ament_cmake/cmake)
[0.338s] -- Override CMake install command with custom implementation using symlinks instead of copying resources
[0.356s] -- Found xacro: 2.1.1 (/opt/ros/jazzy/share/xacro/cmake)
[0.357s] -- Found robot_state_publisher: 3.3.3 (/opt/ros/jazzy/share/robot_state_publisher/cmake)
[0.427s] -- Found rosidl_generator_c: 4.6.6 (/opt/ros/jazzy/share/rosidl_generator_c/cmake)
[0.444s] -- Found rosidl_generator_cpp: 4.6.6 (/opt/ros/jazzy/share/rosidl_generator_cpp/cmake)
[0.468s] -- Using all available rosidl_typesupport_c: rosidl_typesupport_fastrtps_c;rosidl_typesupport_introspection_c
[0.488s] -- Using all available rosidl_typesupport_cpp: rosidl_typesupport_fastrtps_cpp;rosidl_typesupport_introspection_cpp
[0.593s] -- Found rmw_implementation_cmake: 7.3.2 (/opt/ros/jazzy/share/rmw_implementation_cmake/cmake)
[0.596s] -- Found rmw_fastrtps_cpp: 8.4.3 (/opt/ros/jazzy/share/rmw_fastrtps_cpp/cmake)
[0.673s] -- Found OpenSSL: /usr/lib/aarch64-linux-gnu/libcrypto.so (found version "3.0.13")  
[0.713s] -- Found FastRTPS: /opt/ros/jazzy/include (Required is at least version "2.13") 
[0.750s] -- Using RMW implementation 'rmw_fastrtps_cpp' as default
[1.109s] -- Found ament_lint_auto: 0.17.3 (/opt/ros/jazzy/share/ament_lint_auto/cmake)
[1.222s] -- Added test 'lint_cmake' to check CMake code style
[1.223s] -- Added test 'xmllint' to check XML markup files
[1.225s] -- Configuring done (1.1s)
[1.248s] -- Generating done (0.0s)
[1.254s] -- Build files have been written to: /home/parallels/omni_clean_ws/build/omni_clean_description
