[0.217s] DEBUG:colcon:Command line arguments: ['/usr/bin/colcon', 'build', '--symlink-install']
[0.217s] DEBUG:colcon:Parsed command line arguments: Namespace(log_base=None, log_level=None, verb_name='build', build_base='build', install_base='install', merge_install=False, symlink_install=True, test_result_base=None, continue_on_error=False, executor='parallel', parallel_workers=4, event_handlers=None, ignore_user_meta=False, metas=['./colcon.meta'], base_paths=['.'], packages_ignore=None, packages_ignore_regex=None, paths=None, packages_up_to=None, packages_up_to_regex=None, packages_above=None, packages_above_and_dependencies=None, packages_above_depth=None, packages_select_by_dep=None, packages_skip_by_dep=None, packages_skip_up_to=None, packages_select_build_failed=False, packages_skip_build_finished=False, packages_select_test_failures=False, packages_skip_test_passed=False, packages_select=None, packages_skip=None, packages_select_regex=None, packages_skip_regex=None, packages_start=None, packages_end=None, allow_overriding=[], cmake_args=None, cmake_target=None, cmake_target_skip_unavailable=False, cmake_clean_cache=False, cmake_clean_first=False, cmake_force_configure=False, ament_cmake_args=None, catkin_cmake_args=None, catkin_skip_building_tests=False, mixin_files=None, mixin=None, verb_parser=<colcon_mixin.mixin.mixin_argument.MixinArgumentDecorator object at 0xf99228fe4110>, verb_extension=<colcon_core.verb.build.BuildVerb object at 0xf99228fbbd40>, main=<bound method BuildVerb.main of <colcon_core.verb.build.BuildVerb object at 0xf99228fbbd40>>, mixin_verb=('build',))
[0.282s] Level 1:colcon.colcon_core.package_discovery:discover_packages(colcon_meta) check parameters
[0.283s] Level 1:colcon.colcon_core.package_discovery:discover_packages(recursive) check parameters
[0.283s] Level 1:colcon.colcon_core.package_discovery:discover_packages(ignore) check parameters
[0.283s] Level 1:colcon.colcon_core.package_discovery:discover_packages(path) check parameters
[0.283s] Level 1:colcon.colcon_core.package_discovery:discover_packages(colcon_meta) discover
[0.283s] Level 1:colcon.colcon_core.package_discovery:discover_packages(recursive) discover
[0.283s] INFO:colcon.colcon_core.package_discovery:Crawling recursively for packages in '/home/parallels/omni_clean_ws'
[0.283s] Level 1:colcon.colcon_core.package_identification:_identify(.) by extensions ['ignore', 'ignore_ament_install']
[0.283s] Level 1:colcon.colcon_core.package_identification:_identify(.) by extension 'ignore'
[0.283s] Level 1:colcon.colcon_core.package_identification:_identify(.) by extension 'ignore_ament_install'
[0.283s] Level 1:colcon.colcon_core.package_identification:_identify(.) by extensions ['colcon_pkg']
[0.283s] Level 1:colcon.colcon_core.package_identification:_identify(.) by extension 'colcon_pkg'
[0.283s] Level 1:colcon.colcon_core.package_identification:_identify(.) by extensions ['colcon_meta']
[0.283s] Level 1:colcon.colcon_core.package_identification:_identify(.) by extension 'colcon_meta'
[0.283s] Level 1:colcon.colcon_core.package_identification:_identify(.) by extensions ['ros']
[0.283s] Level 1:colcon.colcon_core.package_identification:_identify(.) by extension 'ros'
[0.337s] Level 1:colcon.colcon_core.package_identification:_identify(.) by extensions ['cmake', 'python']
[0.337s] Level 1:colcon.colcon_core.package_identification:_identify(.) by extension 'cmake'
[0.337s] Level 1:colcon.colcon_core.package_identification:_identify(.) by extension 'python'
[0.337s] Level 1:colcon.colcon_core.package_identification:_identify(.) by extensions ['python_setup_py']
[0.337s] Level 1:colcon.colcon_core.package_identification:_identify(.) by extension 'python_setup_py'
[0.337s] Level 1:colcon.colcon_core.package_identification:_identify(build) by extensions ['ignore', 'ignore_ament_install']
[0.337s] Level 1:colcon.colcon_core.package_identification:_identify(build) by extension 'ignore'
[0.337s] Level 1:colcon.colcon_core.package_identification:_identify(build) ignored
[0.338s] Level 1:colcon.colcon_core.package_identification:_identify(install) by extensions ['ignore', 'ignore_ament_install']
[0.338s] Level 1:colcon.colcon_core.package_identification:_identify(install) by extension 'ignore'
[0.338s] Level 1:colcon.colcon_core.package_identification:_identify(install) ignored
[0.338s] Level 1:colcon.colcon_core.package_identification:_identify(log) by extensions ['ignore', 'ignore_ament_install']
[0.338s] Level 1:colcon.colcon_core.package_identification:_identify(log) by extension 'ignore'
[0.338s] Level 1:colcon.colcon_core.package_identification:_identify(log) ignored
[0.338s] Level 1:colcon.colcon_core.package_identification:_identify(src) by extensions ['ignore', 'ignore_ament_install']
[0.338s] Level 1:colcon.colcon_core.package_identification:_identify(src) by extension 'ignore'
[0.338s] Level 1:colcon.colcon_core.package_identification:_identify(src) by extension 'ignore_ament_install'
[0.338s] Level 1:colcon.colcon_core.package_identification:_identify(src) by extensions ['colcon_pkg']
[0.338s] Level 1:colcon.colcon_core.package_identification:_identify(src) by extension 'colcon_pkg'
[0.338s] Level 1:colcon.colcon_core.package_identification:_identify(src) by extensions ['colcon_meta']
[0.338s] Level 1:colcon.colcon_core.package_identification:_identify(src) by extension 'colcon_meta'
[0.339s] Level 1:colcon.colcon_core.package_identification:_identify(src) by extensions ['ros']
[0.339s] Level 1:colcon.colcon_core.package_identification:_identify(src) by extension 'ros'
[0.339s] Level 1:colcon.colcon_core.package_identification:_identify(src) by extensions ['cmake', 'python']
[0.339s] Level 1:colcon.colcon_core.package_identification:_identify(src) by extension 'cmake'
[0.339s] Level 1:colcon.colcon_core.package_identification:_identify(src) by extension 'python'
[0.339s] Level 1:colcon.colcon_core.package_identification:_identify(src) by extensions ['python_setup_py']
[0.339s] Level 1:colcon.colcon_core.package_identification:_identify(src) by extension 'python_setup_py'
[0.339s] Level 1:colcon.colcon_core.package_identification:_identify(src/omni_clean_bringup) by extensions ['ignore', 'ignore_ament_install']
[0.339s] Level 1:colcon.colcon_core.package_identification:_identify(src/omni_clean_bringup) by extension 'ignore'
[0.339s] Level 1:colcon.colcon_core.package_identification:_identify(src/omni_clean_bringup) by extension 'ignore_ament_install'
[0.339s] Level 1:colcon.colcon_core.package_identification:_identify(src/omni_clean_bringup) by extensions ['colcon_pkg']
[0.339s] Level 1:colcon.colcon_core.package_identification:_identify(src/omni_clean_bringup) by extension 'colcon_pkg'
[0.340s] Level 1:colcon.colcon_core.package_identification:_identify(src/omni_clean_bringup) by extensions ['colcon_meta']
[0.340s] Level 1:colcon.colcon_core.package_identification:_identify(src/omni_clean_bringup) by extension 'colcon_meta'
[0.340s] Level 1:colcon.colcon_core.package_identification:_identify(src/omni_clean_bringup) by extensions ['ros']
[0.340s] Level 1:colcon.colcon_core.package_identification:_identify(src/omni_clean_bringup) by extension 'ros'
[0.346s] DEBUG:colcon.colcon_core.package_identification:Package 'src/omni_clean_bringup' with type 'ros.ament_cmake' and name 'omni_clean_bringup'
[0.347s] Level 1:colcon.colcon_core.package_identification:_identify(src/omni_clean_description) by extensions ['ignore', 'ignore_ament_install']
[0.347s] Level 1:colcon.colcon_core.package_identification:_identify(src/omni_clean_description) by extension 'ignore'
[0.347s] Level 1:colcon.colcon_core.package_identification:_identify(src/omni_clean_description) by extension 'ignore_ament_install'
[0.347s] Level 1:colcon.colcon_core.package_identification:_identify(src/omni_clean_description) by extensions ['colcon_pkg']
[0.347s] Level 1:colcon.colcon_core.package_identification:_identify(src/omni_clean_description) by extension 'colcon_pkg'
[0.347s] Level 1:colcon.colcon_core.package_identification:_identify(src/omni_clean_description) by extensions ['colcon_meta']
[0.347s] Level 1:colcon.colcon_core.package_identification:_identify(src/omni_clean_description) by extension 'colcon_meta'
[0.347s] Level 1:colcon.colcon_core.package_identification:_identify(src/omni_clean_description) by extensions ['ros']
[0.347s] Level 1:colcon.colcon_core.package_identification:_identify(src/omni_clean_description) by extension 'ros'
[0.349s] DEBUG:colcon.colcon_core.package_identification:Package 'src/omni_clean_description' with type 'ros.ament_cmake' and name 'omni_clean_description'
[0.350s] Level 1:colcon.colcon_core.package_identification:_identify(src/omni_clean_gazebo) by extensions ['ignore', 'ignore_ament_install']
[0.350s] Level 1:colcon.colcon_core.package_identification:_identify(src/omni_clean_gazebo) by extension 'ignore'
[0.350s] Level 1:colcon.colcon_core.package_identification:_identify(src/omni_clean_gazebo) by extension 'ignore_ament_install'
[0.350s] Level 1:colcon.colcon_core.package_identification:_identify(src/omni_clean_gazebo) by extensions ['colcon_pkg']
[0.350s] Level 1:colcon.colcon_core.package_identification:_identify(src/omni_clean_gazebo) by extension 'colcon_pkg'
[0.350s] Level 1:colcon.colcon_core.package_identification:_identify(src/omni_clean_gazebo) by extensions ['colcon_meta']
[0.350s] Level 1:colcon.colcon_core.package_identification:_identify(src/omni_clean_gazebo) by extension 'colcon_meta'
[0.350s] Level 1:colcon.colcon_core.package_identification:_identify(src/omni_clean_gazebo) by extensions ['ros']
[0.350s] Level 1:colcon.colcon_core.package_identification:_identify(src/omni_clean_gazebo) by extension 'ros'
[0.352s] DEBUG:colcon.colcon_core.package_identification:Package 'src/omni_clean_gazebo' with type 'ros.ament_cmake' and name 'omni_clean_gazebo'
[0.352s] Level 1:colcon.colcon_core.package_discovery:discover_packages(recursive) using defaults
[0.352s] Level 1:colcon.colcon_core.package_discovery:discover_packages(ignore) discover
[0.352s] Level 1:colcon.colcon_core.package_discovery:discover_packages(ignore) using defaults
[0.352s] Level 1:colcon.colcon_core.package_discovery:discover_packages(path) discover
[0.352s] Level 1:colcon.colcon_core.package_discovery:discover_packages(path) using defaults
[0.385s] Level 1:colcon.colcon_core.package_discovery:discover_packages(prefix_path) check parameters
[0.385s] Level 1:colcon.colcon_core.package_discovery:discover_packages(prefix_path) discover
[0.389s] DEBUG:colcon.colcon_installed_package_information.package_discovery:Found 315 installed packages in /opt/ros/jazzy
[0.391s] Level 1:colcon.colcon_core.package_discovery:discover_packages(prefix_path) using defaults
[0.460s] Level 5:colcon.colcon_core.verb:set package 'omni_clean_bringup' build argument 'cmake_args' from command line to 'None'
[0.460s] Level 5:colcon.colcon_core.verb:set package 'omni_clean_bringup' build argument 'cmake_target' from command line to 'None'
[0.460s] Level 5:colcon.colcon_core.verb:set package 'omni_clean_bringup' build argument 'cmake_target_skip_unavailable' from command line to 'False'
[0.460s] Level 5:colcon.colcon_core.verb:set package 'omni_clean_bringup' build argument 'cmake_clean_cache' from command line to 'False'
[0.460s] Level 5:colcon.colcon_core.verb:set package 'omni_clean_bringup' build argument 'cmake_clean_first' from command line to 'False'
[0.460s] Level 5:colcon.colcon_core.verb:set package 'omni_clean_bringup' build argument 'cmake_force_configure' from command line to 'False'
[0.460s] Level 5:colcon.colcon_core.verb:set package 'omni_clean_bringup' build argument 'ament_cmake_args' from command line to 'None'
[0.460s] Level 5:colcon.colcon_core.verb:set package 'omni_clean_bringup' build argument 'catkin_cmake_args' from command line to 'None'
[0.460s] Level 5:colcon.colcon_core.verb:set package 'omni_clean_bringup' build argument 'catkin_skip_building_tests' from command line to 'False'
[0.460s] DEBUG:colcon.colcon_core.verb:Building package 'omni_clean_bringup' with the following arguments: {'ament_cmake_args': None, 'build_base': '/home/parallels/omni_clean_ws/build/omni_clean_bringup', 'catkin_cmake_args': None, 'catkin_skip_building_tests': False, 'cmake_args': None, 'cmake_clean_cache': False, 'cmake_clean_first': False, 'cmake_force_configure': False, 'cmake_target': None, 'cmake_target_skip_unavailable': False, 'install_base': '/home/parallels/omni_clean_ws/install/omni_clean_bringup', 'merge_install': False, 'path': '/home/parallels/omni_clean_ws/src/omni_clean_bringup', 'symlink_install': True, 'test_result_base': None}
[0.460s] Level 5:colcon.colcon_core.verb:set package 'omni_clean_description' build argument 'cmake_args' from command line to 'None'
[0.460s] Level 5:colcon.colcon_core.verb:set package 'omni_clean_description' build argument 'cmake_target' from command line to 'None'
[0.461s] Level 5:colcon.colcon_core.verb:set package 'omni_clean_description' build argument 'cmake_target_skip_unavailable' from command line to 'False'
[0.461s] Level 5:colcon.colcon_core.verb:set package 'omni_clean_description' build argument 'cmake_clean_cache' from command line to 'False'
[0.461s] Level 5:colcon.colcon_core.verb:set package 'omni_clean_description' build argument 'cmake_clean_first' from command line to 'False'
[0.461s] Level 5:colcon.colcon_core.verb:set package 'omni_clean_description' build argument 'cmake_force_configure' from command line to 'False'
[0.461s] Level 5:colcon.colcon_core.verb:set package 'omni_clean_description' build argument 'ament_cmake_args' from command line to 'None'
[0.461s] Level 5:colcon.colcon_core.verb:set package 'omni_clean_description' build argument 'catkin_cmake_args' from command line to 'None'
[0.461s] Level 5:colcon.colcon_core.verb:set package 'omni_clean_description' build argument 'catkin_skip_building_tests' from command line to 'False'
[0.461s] DEBUG:colcon.colcon_core.verb:Building package 'omni_clean_description' with the following arguments: {'ament_cmake_args': None, 'build_base': '/home/parallels/omni_clean_ws/build/omni_clean_description', 'catkin_cmake_args': None, 'catkin_skip_building_tests': False, 'cmake_args': None, 'cmake_clean_cache': False, 'cmake_clean_first': False, 'cmake_force_configure': False, 'cmake_target': None, 'cmake_target_skip_unavailable': False, 'install_base': '/home/parallels/omni_clean_ws/install/omni_clean_description', 'merge_install': False, 'path': '/home/parallels/omni_clean_ws/src/omni_clean_description', 'symlink_install': True, 'test_result_base': None}
[0.461s] Level 5:colcon.colcon_core.verb:set package 'omni_clean_gazebo' build argument 'cmake_args' from command line to 'None'
[0.461s] Level 5:colcon.colcon_core.verb:set package 'omni_clean_gazebo' build argument 'cmake_target' from command line to 'None'
[0.461s] Level 5:colcon.colcon_core.verb:set package 'omni_clean_gazebo' build argument 'cmake_target_skip_unavailable' from command line to 'False'
[0.461s] Level 5:colcon.colcon_core.verb:set package 'omni_clean_gazebo' build argument 'cmake_clean_cache' from command line to 'False'
[0.461s] Level 5:colcon.colcon_core.verb:set package 'omni_clean_gazebo' build argument 'cmake_clean_first' from command line to 'False'
[0.461s] Level 5:colcon.colcon_core.verb:set package 'omni_clean_gazebo' build argument 'cmake_force_configure' from command line to 'False'
[0.461s] Level 5:colcon.colcon_core.verb:set package 'omni_clean_gazebo' build argument 'ament_cmake_args' from command line to 'None'
[0.461s] Level 5:colcon.colcon_core.verb:set package 'omni_clean_gazebo' build argument 'catkin_cmake_args' from command line to 'None'
[0.461s] Level 5:colcon.colcon_core.verb:set package 'omni_clean_gazebo' build argument 'catkin_skip_building_tests' from command line to 'False'
[0.461s] DEBUG:colcon.colcon_core.verb:Building package 'omni_clean_gazebo' with the following arguments: {'ament_cmake_args': None, 'build_base': '/home/parallels/omni_clean_ws/build/omni_clean_gazebo', 'catkin_cmake_args': None, 'catkin_skip_building_tests': False, 'cmake_args': None, 'cmake_clean_cache': False, 'cmake_clean_first': False, 'cmake_force_configure': False, 'cmake_target': None, 'cmake_target_skip_unavailable': False, 'install_base': '/home/parallels/omni_clean_ws/install/omni_clean_gazebo', 'merge_install': False, 'path': '/home/parallels/omni_clean_ws/src/omni_clean_gazebo', 'symlink_install': True, 'test_result_base': None}
[0.461s] INFO:colcon.colcon_core.executor:Executing jobs using 'parallel' executor
[0.462s] DEBUG:colcon.colcon_parallel_executor.executor.parallel:run_until_complete
[0.462s] INFO:colcon.colcon_ros.task.ament_cmake.build:Building ROS package in '/home/parallels/omni_clean_ws/src/omni_clean_bringup' with build type 'ament_cmake'
[0.462s] INFO:colcon.colcon_cmake.task.cmake.build:Building CMake package in '/home/parallels/omni_clean_ws/src/omni_clean_bringup'
[0.470s] INFO:colcon.colcon_core.plugin_system:Skipping extension 'colcon_core.shell.bat': Not used on non-Windows systems
[0.470s] INFO:colcon.colcon_core.shell:Skip shell extension 'powershell' for command environment: Not usable outside of PowerShell
[0.470s] DEBUG:colcon.colcon_core.shell:Skip shell extension 'dsv' for command environment
[0.477s] INFO:colcon.colcon_ros.task.ament_cmake.build:Building ROS package in '/home/parallels/omni_clean_ws/src/omni_clean_description' with build type 'ament_cmake'
[0.477s] INFO:colcon.colcon_cmake.task.cmake.build:Building CMake package in '/home/parallels/omni_clean_ws/src/omni_clean_description'
[0.478s] INFO:colcon.colcon_core.shell:Skip shell extension 'powershell' for command environment: Not usable outside of PowerShell
[0.478s] DEBUG:colcon.colcon_core.shell:Skip shell extension 'dsv' for command environment
[0.485s] INFO:colcon.colcon_ros.task.ament_cmake.build:Building ROS package in '/home/parallels/omni_clean_ws/src/omni_clean_gazebo' with build type 'ament_cmake'
[0.485s] INFO:colcon.colcon_cmake.task.cmake.build:Building CMake package in '/home/parallels/omni_clean_ws/src/omni_clean_gazebo'
[0.485s] INFO:colcon.colcon_core.shell:Skip shell extension 'powershell' for command environment: Not usable outside of PowerShell
[0.485s] DEBUG:colcon.colcon_core.shell:Skip shell extension 'dsv' for command environment
[0.496s] DEBUG:colcon.colcon_core.event_handler.log_command:Invoking command in '/home/parallels/omni_clean_ws/build/omni_clean_bringup': CMAKE_PREFIX_PATH=${CMAKE_PREFIX_PATH}:/opt/ros/jazzy DEBUGINFOD_URLS=https://debuginfod.ubuntu.com /usr/bin/cmake /home/parallels/omni_clean_ws/src/omni_clean_bringup -DAMENT_CMAKE_SYMLINK_INSTALL=1 -DCMAKE_INSTALL_PREFIX=/home/parallels/omni_clean_ws/install/omni_clean_bringup
[0.511s] DEBUG:colcon.colcon_core.event_handler.log_command:Invoking command in '/home/parallels/omni_clean_ws/build/omni_clean_description': CMAKE_PREFIX_PATH=${CMAKE_PREFIX_PATH}:/opt/ros/jazzy DEBUGINFOD_URLS=https://debuginfod.ubuntu.com /usr/bin/cmake --build /home/parallels/omni_clean_ws/build/omni_clean_description -- -j4 -l4
[0.529s] DEBUG:colcon.colcon_core.event_handler.log_command:Invoking command in '/home/parallels/omni_clean_ws/build/omni_clean_gazebo': CMAKE_PREFIX_PATH=${CMAKE_PREFIX_PATH}:/opt/ros/jazzy DEBUGINFOD_URLS=https://debuginfod.ubuntu.com /usr/bin/cmake --build /home/parallels/omni_clean_ws/build/omni_clean_gazebo -- -j4 -l4
[0.659s] DEBUG:colcon.colcon_core.event_handler.log_command:Invoked command in '/home/parallels/omni_clean_ws/build/omni_clean_description' returned '0': CMAKE_PREFIX_PATH=${CMAKE_PREFIX_PATH}:/opt/ros/jazzy DEBUGINFOD_URLS=https://debuginfod.ubuntu.com /usr/bin/cmake --build /home/parallels/omni_clean_ws/build/omni_clean_description -- -j4 -l4
[0.670s] DEBUG:colcon.colcon_core.event_handler.log_command:Invoking command in '/home/parallels/omni_clean_ws/build/omni_clean_description': CMAKE_PREFIX_PATH=${CMAKE_PREFIX_PATH}:/opt/ros/jazzy DEBUGINFOD_URLS=https://debuginfod.ubuntu.com /usr/bin/cmake --install /home/parallels/omni_clean_ws/build/omni_clean_description
[0.673s] DEBUG:colcon.colcon_core.event_handler.log_command:Invoked command in '/home/parallels/omni_clean_ws/build/omni_clean_gazebo' returned '0': CMAKE_PREFIX_PATH=${CMAKE_PREFIX_PATH}:/opt/ros/jazzy DEBUGINFOD_URLS=https://debuginfod.ubuntu.com /usr/bin/cmake --build /home/parallels/omni_clean_ws/build/omni_clean_gazebo -- -j4 -l4
[0.674s] DEBUG:colcon.colcon_core.event_handler.log_command:Invoking command in '/home/parallels/omni_clean_ws/build/omni_clean_gazebo': CMAKE_PREFIX_PATH=${CMAKE_PREFIX_PATH}:/opt/ros/jazzy DEBUGINFOD_URLS=https://debuginfod.ubuntu.com /usr/bin/cmake --install /home/parallels/omni_clean_ws/build/omni_clean_gazebo
[0.793s] Level 1:colcon.colcon_core.environment:create_environment_scripts_only(omni_clean_gazebo)
[0.793s] DEBUG:colcon.colcon_core.event_handler.log_command:Invoked command in '/home/parallels/omni_clean_ws/build/omni_clean_gazebo' returned '0': CMAKE_PREFIX_PATH=${CMAKE_PREFIX_PATH}:/opt/ros/jazzy DEBUGINFOD_URLS=https://debuginfod.ubuntu.com /usr/bin/cmake --install /home/parallels/omni_clean_ws/build/omni_clean_gazebo
[0.798s] Level 1:colcon.colcon_core.environment:checking '/home/parallels/omni_clean_ws/install/omni_clean_gazebo' for CMake module files
[0.798s] Level 1:colcon.colcon_core.environment:checking '/home/parallels/omni_clean_ws/install/omni_clean_gazebo' for CMake config files
[0.799s] Level 1:colcon.colcon_core.shell:create_environment_hook('omni_clean_gazebo', 'cmake_prefix_path')
[0.799s] INFO:colcon.colcon_core.shell:Creating environment hook '/home/parallels/omni_clean_ws/install/omni_clean_gazebo/share/omni_clean_gazebo/hook/cmake_prefix_path.ps1'
[0.801s] INFO:colcon.colcon_core.shell:Creating environment descriptor '/home/parallels/omni_clean_ws/install/omni_clean_gazebo/share/omni_clean_gazebo/hook/cmake_prefix_path.dsv'
[0.803s] INFO:colcon.colcon_core.shell:Creating environment hook '/home/parallels/omni_clean_ws/install/omni_clean_gazebo/share/omni_clean_gazebo/hook/cmake_prefix_path.sh'
[0.804s] Level 1:colcon.colcon_core.environment:checking '/home/parallels/omni_clean_ws/install/omni_clean_gazebo/bin'
[0.804s] Level 1:colcon.colcon_core.environment:checking '/home/parallels/omni_clean_ws/install/omni_clean_gazebo/lib/pkgconfig/omni_clean_gazebo.pc'
[0.804s] Level 1:colcon.colcon_core.environment:checking '/home/parallels/omni_clean_ws/install/omni_clean_gazebo/lib/python3.12/site-packages'
[0.804s] Level 1:colcon.colcon_core.environment:checking '/home/parallels/omni_clean_ws/install/omni_clean_gazebo/bin'
[0.804s] INFO:colcon.colcon_core.shell:Creating package script '/home/parallels/omni_clean_ws/install/omni_clean_gazebo/share/omni_clean_gazebo/package.ps1'
[0.806s] INFO:colcon.colcon_core.shell:Creating package descriptor '/home/parallels/omni_clean_ws/install/omni_clean_gazebo/share/omni_clean_gazebo/package.dsv'
[0.806s] INFO:colcon.colcon_core.shell:Creating package script '/home/parallels/omni_clean_ws/install/omni_clean_gazebo/share/omni_clean_gazebo/package.sh'
[0.808s] INFO:colcon.colcon_core.shell:Creating package script '/home/parallels/omni_clean_ws/install/omni_clean_gazebo/share/omni_clean_gazebo/package.bash'
[0.811s] INFO:colcon.colcon_core.shell:Creating package script '/home/parallels/omni_clean_ws/install/omni_clean_gazebo/share/omni_clean_gazebo/package.zsh'
[0.814s] Level 1:colcon.colcon_core.environment:create_file_with_runtime_dependencies(/home/parallels/omni_clean_ws/install/omni_clean_gazebo/share/colcon-core/packages/omni_clean_gazebo)
[0.816s] Level 1:colcon.colcon_core.environment:create_environment_scripts_only(omni_clean_gazebo)
[0.816s] Level 1:colcon.colcon_core.environment:checking '/home/parallels/omni_clean_ws/install/omni_clean_gazebo' for CMake module files
[0.816s] Level 1:colcon.colcon_core.environment:checking '/home/parallels/omni_clean_ws/install/omni_clean_gazebo' for CMake config files
[0.816s] Level 1:colcon.colcon_core.shell:create_environment_hook('omni_clean_gazebo', 'cmake_prefix_path')
[0.816s] INFO:colcon.colcon_core.shell:Creating environment hook '/home/parallels/omni_clean_ws/install/omni_clean_gazebo/share/omni_clean_gazebo/hook/cmake_prefix_path.ps1'
[0.817s] INFO:colcon.colcon_core.shell:Creating environment descriptor '/home/parallels/omni_clean_ws/install/omni_clean_gazebo/share/omni_clean_gazebo/hook/cmake_prefix_path.dsv'
[0.817s] INFO:colcon.colcon_core.shell:Creating environment hook '/home/parallels/omni_clean_ws/install/omni_clean_gazebo/share/omni_clean_gazebo/hook/cmake_prefix_path.sh'
[0.817s] Level 1:colcon.colcon_core.environment:checking '/home/parallels/omni_clean_ws/install/omni_clean_gazebo/bin'
[0.817s] Level 1:colcon.colcon_core.environment:checking '/home/parallels/omni_clean_ws/install/omni_clean_gazebo/lib/pkgconfig/omni_clean_gazebo.pc'
[0.817s] Level 1:colcon.colcon_core.environment:checking '/home/parallels/omni_clean_ws/install/omni_clean_gazebo/lib/python3.12/site-packages'
[0.818s] Level 1:colcon.colcon_core.environment:checking '/home/parallels/omni_clean_ws/install/omni_clean_gazebo/bin'
[0.818s] INFO:colcon.colcon_core.shell:Creating package script '/home/parallels/omni_clean_ws/install/omni_clean_gazebo/share/omni_clean_gazebo/package.ps1'
[0.818s] INFO:colcon.colcon_core.shell:Creating package descriptor '/home/parallels/omni_clean_ws/install/omni_clean_gazebo/share/omni_clean_gazebo/package.dsv'
[0.818s] INFO:colcon.colcon_core.shell:Creating package script '/home/parallels/omni_clean_ws/install/omni_clean_gazebo/share/omni_clean_gazebo/package.sh'
[0.818s] INFO:colcon.colcon_core.shell:Creating package script '/home/parallels/omni_clean_ws/install/omni_clean_gazebo/share/omni_clean_gazebo/package.bash'
[0.819s] INFO:colcon.colcon_core.shell:Creating package script '/home/parallels/omni_clean_ws/install/omni_clean_gazebo/share/omni_clean_gazebo/package.zsh'
[0.819s] Level 1:colcon.colcon_core.environment:create_file_with_runtime_dependencies(/home/parallels/omni_clean_ws/install/omni_clean_gazebo/share/colcon-core/packages/omni_clean_gazebo)
[0.820s] Level 1:colcon.colcon_core.environment:create_environment_scripts_only(omni_clean_description)
[0.820s] Level 1:colcon.colcon_core.environment:checking '/home/parallels/omni_clean_ws/install/omni_clean_description' for CMake module files
[0.820s] Level 1:colcon.colcon_core.environment:checking '/home/parallels/omni_clean_ws/install/omni_clean_description' for CMake config files
[0.820s] Level 1:colcon.colcon_core.shell:create_environment_hook('omni_clean_description', 'cmake_prefix_path')
[0.821s] INFO:colcon.colcon_core.shell:Creating environment hook '/home/parallels/omni_clean_ws/install/omni_clean_description/share/omni_clean_description/hook/cmake_prefix_path.ps1'
[0.821s] INFO:colcon.colcon_core.shell:Creating environment descriptor '/home/parallels/omni_clean_ws/install/omni_clean_description/share/omni_clean_description/hook/cmake_prefix_path.dsv'
[0.821s] INFO:colcon.colcon_core.shell:Creating environment hook '/home/parallels/omni_clean_ws/install/omni_clean_description/share/omni_clean_description/hook/cmake_prefix_path.sh'
[0.822s] Level 1:colcon.colcon_core.environment:checking '/home/parallels/omni_clean_ws/install/omni_clean_description/bin'
[0.822s] Level 1:colcon.colcon_core.environment:checking '/home/parallels/omni_clean_ws/install/omni_clean_description/lib/pkgconfig/omni_clean_description.pc'
[0.822s] Level 1:colcon.colcon_core.environment:checking '/home/parallels/omni_clean_ws/install/omni_clean_description/lib/python3.12/site-packages'
[0.823s] Level 1:colcon.colcon_core.environment:checking '/home/parallels/omni_clean_ws/install/omni_clean_description/bin'
[0.824s] INFO:colcon.colcon_core.shell:Creating package script '/home/parallels/omni_clean_ws/install/omni_clean_description/share/omni_clean_description/package.ps1'
[0.824s] DEBUG:colcon.colcon_core.event_handler.log_command:Invoked command in '/home/parallels/omni_clean_ws/build/omni_clean_description' returned '0': CMAKE_PREFIX_PATH=${CMAKE_PREFIX_PATH}:/opt/ros/jazzy DEBUGINFOD_URLS=https://debuginfod.ubuntu.com /usr/bin/cmake --install /home/parallels/omni_clean_ws/build/omni_clean_description
[0.825s] INFO:colcon.colcon_core.shell:Creating package descriptor '/home/parallels/omni_clean_ws/install/omni_clean_description/share/omni_clean_description/package.dsv'
[0.827s] INFO:colcon.colcon_core.shell:Creating package script '/home/parallels/omni_clean_ws/install/omni_clean_description/share/omni_clean_description/package.sh'
[0.827s] INFO:colcon.colcon_core.shell:Creating package script '/home/parallels/omni_clean_ws/install/omni_clean_description/share/omni_clean_description/package.bash'
[0.828s] INFO:colcon.colcon_core.shell:Creating package script '/home/parallels/omni_clean_ws/install/omni_clean_description/share/omni_clean_description/package.zsh'
[0.828s] Level 1:colcon.colcon_core.environment:create_file_with_runtime_dependencies(/home/parallels/omni_clean_ws/install/omni_clean_description/share/colcon-core/packages/omni_clean_description)
[0.829s] Level 1:colcon.colcon_core.environment:create_environment_scripts_only(omni_clean_description)
[0.830s] Level 1:colcon.colcon_core.environment:checking '/home/parallels/omni_clean_ws/install/omni_clean_description' for CMake module files
[0.830s] Level 1:colcon.colcon_core.environment:checking '/home/parallels/omni_clean_ws/install/omni_clean_description' for CMake config files
[0.831s] Level 1:colcon.colcon_core.shell:create_environment_hook('omni_clean_description', 'cmake_prefix_path')
[0.831s] INFO:colcon.colcon_core.shell:Creating environment hook '/home/parallels/omni_clean_ws/install/omni_clean_description/share/omni_clean_description/hook/cmake_prefix_path.ps1'
[0.831s] INFO:colcon.colcon_core.shell:Creating environment descriptor '/home/parallels/omni_clean_ws/install/omni_clean_description/share/omni_clean_description/hook/cmake_prefix_path.dsv'
[0.831s] INFO:colcon.colcon_core.shell:Creating environment hook '/home/parallels/omni_clean_ws/install/omni_clean_description/share/omni_clean_description/hook/cmake_prefix_path.sh'
[0.832s] Level 1:colcon.colcon_core.environment:checking '/home/parallels/omni_clean_ws/install/omni_clean_description/bin'
[0.832s] Level 1:colcon.colcon_core.environment:checking '/home/parallels/omni_clean_ws/install/omni_clean_description/lib/pkgconfig/omni_clean_description.pc'
[0.832s] Level 1:colcon.colcon_core.environment:checking '/home/parallels/omni_clean_ws/install/omni_clean_description/lib/python3.12/site-packages'
[0.832s] Level 1:colcon.colcon_core.environment:checking '/home/parallels/omni_clean_ws/install/omni_clean_description/bin'
[0.832s] INFO:colcon.colcon_core.shell:Creating package script '/home/parallels/omni_clean_ws/install/omni_clean_description/share/omni_clean_description/package.ps1'
[0.833s] INFO:colcon.colcon_core.shell:Creating package descriptor '/home/parallels/omni_clean_ws/install/omni_clean_description/share/omni_clean_description/package.dsv'
[0.833s] INFO:colcon.colcon_core.shell:Creating package script '/home/parallels/omni_clean_ws/install/omni_clean_description/share/omni_clean_description/package.sh'
[0.834s] INFO:colcon.colcon_core.shell:Creating package script '/home/parallels/omni_clean_ws/install/omni_clean_description/share/omni_clean_description/package.bash'
[0.834s] INFO:colcon.colcon_core.shell:Creating package script '/home/parallels/omni_clean_ws/install/omni_clean_description/share/omni_clean_description/package.zsh'
[0.835s] Level 1:colcon.colcon_core.environment:create_file_with_runtime_dependencies(/home/parallels/omni_clean_ws/install/omni_clean_description/share/colcon-core/packages/omni_clean_description)
[1.440s] DEBUG:colcon.colcon_core.event_handler.log_command:Invoked command in '/home/parallels/omni_clean_ws/build/omni_clean_bringup' returned '0': CMAKE_PREFIX_PATH=${CMAKE_PREFIX_PATH}:/opt/ros/jazzy DEBUGINFOD_URLS=https://debuginfod.ubuntu.com /usr/bin/cmake /home/parallels/omni_clean_ws/src/omni_clean_bringup -DAMENT_CMAKE_SYMLINK_INSTALL=1 -DCMAKE_INSTALL_PREFIX=/home/parallels/omni_clean_ws/install/omni_clean_bringup
[1.441s] DEBUG:colcon.colcon_core.event_handler.log_command:Invoking command in '/home/parallels/omni_clean_ws/build/omni_clean_bringup': CMAKE_PREFIX_PATH=${CMAKE_PREFIX_PATH}:/opt/ros/jazzy DEBUGINFOD_URLS=https://debuginfod.ubuntu.com /usr/bin/cmake --build /home/parallels/omni_clean_ws/build/omni_clean_bringup -- -j4 -l4
[1.470s] DEBUG:colcon.colcon_core.event_handler.log_command:Invoked command in '/home/parallels/omni_clean_ws/build/omni_clean_bringup' returned '0': CMAKE_PREFIX_PATH=${CMAKE_PREFIX_PATH}:/opt/ros/jazzy DEBUGINFOD_URLS=https://debuginfod.ubuntu.com /usr/bin/cmake --build /home/parallels/omni_clean_ws/build/omni_clean_bringup -- -j4 -l4
[1.471s] DEBUG:colcon.colcon_core.event_handler.log_command:Invoking command in '/home/parallels/omni_clean_ws/build/omni_clean_bringup': CMAKE_PREFIX_PATH=${CMAKE_PREFIX_PATH}:/opt/ros/jazzy DEBUGINFOD_URLS=https://debuginfod.ubuntu.com /usr/bin/cmake --install /home/parallels/omni_clean_ws/build/omni_clean_bringup
[1.564s] Level 1:colcon.colcon_core.environment:create_environment_scripts_only(omni_clean_bringup)
[1.564s] DEBUG:colcon.colcon_core.event_handler.log_command:Invoked command in '/home/parallels/omni_clean_ws/build/omni_clean_bringup' returned '0': CMAKE_PREFIX_PATH=${CMAKE_PREFIX_PATH}:/opt/ros/jazzy DEBUGINFOD_URLS=https://debuginfod.ubuntu.com /usr/bin/cmake --install /home/parallels/omni_clean_ws/build/omni_clean_bringup
[1.564s] Level 1:colcon.colcon_core.environment:checking '/home/parallels/omni_clean_ws/install/omni_clean_bringup' for CMake module files
[1.565s] Level 1:colcon.colcon_core.environment:checking '/home/parallels/omni_clean_ws/install/omni_clean_bringup' for CMake config files
[1.565s] Level 1:colcon.colcon_core.shell:create_environment_hook('omni_clean_bringup', 'cmake_prefix_path')
[1.565s] INFO:colcon.colcon_core.shell:Creating environment hook '/home/parallels/omni_clean_ws/install/omni_clean_bringup/share/omni_clean_bringup/hook/cmake_prefix_path.ps1'
[1.566s] INFO:colcon.colcon_core.shell:Creating environment descriptor '/home/parallels/omni_clean_ws/install/omni_clean_bringup/share/omni_clean_bringup/hook/cmake_prefix_path.dsv'
[1.566s] INFO:colcon.colcon_core.shell:Creating environment hook '/home/parallels/omni_clean_ws/install/omni_clean_bringup/share/omni_clean_bringup/hook/cmake_prefix_path.sh'
[1.567s] Level 1:colcon.colcon_core.environment:checking '/home/parallels/omni_clean_ws/install/omni_clean_bringup/bin'
[1.567s] Level 1:colcon.colcon_core.environment:checking '/home/parallels/omni_clean_ws/install/omni_clean_bringup/lib/pkgconfig/omni_clean_bringup.pc'
[1.567s] Level 1:colcon.colcon_core.environment:checking '/home/parallels/omni_clean_ws/install/omni_clean_bringup/lib/python3.12/site-packages'
[1.568s] Level 1:colcon.colcon_core.environment:checking '/home/parallels/omni_clean_ws/install/omni_clean_bringup/bin'
[1.568s] INFO:colcon.colcon_core.shell:Creating package script '/home/parallels/omni_clean_ws/install/omni_clean_bringup/share/omni_clean_bringup/package.ps1'
[1.568s] INFO:colcon.colcon_core.shell:Creating package descriptor '/home/parallels/omni_clean_ws/install/omni_clean_bringup/share/omni_clean_bringup/package.dsv'
[1.568s] INFO:colcon.colcon_core.shell:Creating package script '/home/parallels/omni_clean_ws/install/omni_clean_bringup/share/omni_clean_bringup/package.sh'
[1.569s] INFO:colcon.colcon_core.shell:Creating package script '/home/parallels/omni_clean_ws/install/omni_clean_bringup/share/omni_clean_bringup/package.bash'
[1.569s] INFO:colcon.colcon_core.shell:Creating package script '/home/parallels/omni_clean_ws/install/omni_clean_bringup/share/omni_clean_bringup/package.zsh'
[1.569s] Level 1:colcon.colcon_core.environment:create_file_with_runtime_dependencies(/home/parallels/omni_clean_ws/install/omni_clean_bringup/share/colcon-core/packages/omni_clean_bringup)
[1.569s] Level 1:colcon.colcon_core.environment:create_environment_scripts_only(omni_clean_bringup)
[1.569s] Level 1:colcon.colcon_core.environment:checking '/home/parallels/omni_clean_ws/install/omni_clean_bringup' for CMake module files
[1.570s] Level 1:colcon.colcon_core.environment:checking '/home/parallels/omni_clean_ws/install/omni_clean_bringup' for CMake config files
[1.570s] Level 1:colcon.colcon_core.shell:create_environment_hook('omni_clean_bringup', 'cmake_prefix_path')
[1.570s] INFO:colcon.colcon_core.shell:Creating environment hook '/home/parallels/omni_clean_ws/install/omni_clean_bringup/share/omni_clean_bringup/hook/cmake_prefix_path.ps1'
[1.570s] INFO:colcon.colcon_core.shell:Creating environment descriptor '/home/parallels/omni_clean_ws/install/omni_clean_bringup/share/omni_clean_bringup/hook/cmake_prefix_path.dsv'
[1.570s] INFO:colcon.colcon_core.shell:Creating environment hook '/home/parallels/omni_clean_ws/install/omni_clean_bringup/share/omni_clean_bringup/hook/cmake_prefix_path.sh'
[1.571s] Level 1:colcon.colcon_core.environment:checking '/home/parallels/omni_clean_ws/install/omni_clean_bringup/bin'
[1.571s] Level 1:colcon.colcon_core.environment:checking '/home/parallels/omni_clean_ws/install/omni_clean_bringup/lib/pkgconfig/omni_clean_bringup.pc'
[1.571s] Level 1:colcon.colcon_core.environment:checking '/home/parallels/omni_clean_ws/install/omni_clean_bringup/lib/python3.12/site-packages'
[1.571s] Level 1:colcon.colcon_core.environment:checking '/home/parallels/omni_clean_ws/install/omni_clean_bringup/bin'
[1.571s] INFO:colcon.colcon_core.shell:Creating package script '/home/parallels/omni_clean_ws/install/omni_clean_bringup/share/omni_clean_bringup/package.ps1'
[1.571s] INFO:colcon.colcon_core.shell:Creating package descriptor '/home/parallels/omni_clean_ws/install/omni_clean_bringup/share/omni_clean_bringup/package.dsv'
[1.572s] INFO:colcon.colcon_core.shell:Creating package script '/home/parallels/omni_clean_ws/install/omni_clean_bringup/share/omni_clean_bringup/package.sh'
[1.572s] INFO:colcon.colcon_core.shell:Creating package script '/home/parallels/omni_clean_ws/install/omni_clean_bringup/share/omni_clean_bringup/package.bash'
[1.572s] INFO:colcon.colcon_core.shell:Creating package script '/home/parallels/omni_clean_ws/install/omni_clean_bringup/share/omni_clean_bringup/package.zsh'
[1.572s] Level 1:colcon.colcon_core.environment:create_file_with_runtime_dependencies(/home/parallels/omni_clean_ws/install/omni_clean_bringup/share/colcon-core/packages/omni_clean_bringup)
[1.572s] DEBUG:colcon.colcon_parallel_executor.executor.parallel:closing loop
[1.573s] DEBUG:colcon.colcon_parallel_executor.executor.parallel:loop closed
[1.573s] DEBUG:colcon.colcon_parallel_executor.executor.parallel:run_until_complete finished with '0'
[1.573s] DEBUG:colcon.colcon_core.event_reactor:joining thread
[1.583s] INFO:colcon.colcon_core.plugin_system:Skipping extension 'colcon_notification.desktop_notification.terminal_notifier': Not used on non-Darwin systems
[1.584s] INFO:colcon.colcon_core.plugin_system:Skipping extension 'colcon_notification.desktop_notification.win32': Not used on non-Windows systems
[1.584s] INFO:colcon.colcon_notification.desktop_notification:Sending desktop notification using 'notify2'
[1.645s] DEBUG:colcon.colcon_core.event_reactor:joined thread
[1.645s] INFO:colcon.colcon_core.shell:Creating prefix script '/home/parallels/omni_clean_ws/install/local_setup.ps1'
[1.646s] INFO:colcon.colcon_core.shell:Creating prefix util module '/home/parallels/omni_clean_ws/install/_local_setup_util_ps1.py'
[1.647s] INFO:colcon.colcon_core.shell:Creating prefix chain script '/home/parallels/omni_clean_ws/install/setup.ps1'
[1.648s] INFO:colcon.colcon_core.shell:Creating prefix script '/home/parallels/omni_clean_ws/install/local_setup.sh'
[1.649s] INFO:colcon.colcon_core.shell:Creating prefix util module '/home/parallels/omni_clean_ws/install/_local_setup_util_sh.py'
[1.649s] INFO:colcon.colcon_core.shell:Creating prefix chain script '/home/parallels/omni_clean_ws/install/setup.sh'
[1.650s] INFO:colcon.colcon_core.shell:Creating prefix script '/home/parallels/omni_clean_ws/install/local_setup.bash'
[1.651s] INFO:colcon.colcon_core.shell:Creating prefix chain script '/home/parallels/omni_clean_ws/install/setup.bash'
[1.652s] INFO:colcon.colcon_core.shell:Creating prefix script '/home/parallels/omni_clean_ws/install/local_setup.zsh'
[1.653s] INFO:colcon.colcon_core.shell:Creating prefix chain script '/home/parallels/omni_clean_ws/install/setup.zsh'
